{"E:\\grip--investment\\frontend\\src\\App.js": {"path":"E:\\grip--investment\\frontend\\src\\App.js","statementMap":{"0":{"start":{"line":17,"column":23},"end":{"line":23,"column":1}},"1":{"start":{"line":18,"column":19},"end":{"line":18,"column":28}},"2":{"start":{"line":19,"column":2},"end":{"line":21,"column":3}},"3":{"start":{"line":20,"column":4},"end":{"line":20,"column":44}},"4":{"start":{"line":22,"column":2},"end":{"line":22,"column":18}},"5":{"start":{"line":26,"column":28},"end":{"line":32,"column":1}},"6":{"start":{"line":27,"column":19},"end":{"line":27,"column":28}},"7":{"start":{"line":28,"column":2},"end":{"line":30,"column":3}},"8":{"start":{"line":29,"column":4},"end":{"line":29,"column":44}},"9":{"start":{"line":31,"column":2},"end":{"line":31,"column":18}},"10":{"start":{"line":35,"column":2},"end":{"line":96,"column":4}}},"fnMap":{"0":{"name":"(anonymous_0)","decl":{"start":{"line":17,"column":23},"end":{"line":17,"column":24}},"loc":{"start":{"line":17,"column":41},"end":{"line":23,"column":1}},"line":17},"1":{"name":"(anonymous_1)","decl":{"start":{"line":26,"column":28},"end":{"line":26,"column":29}},"loc":{"start":{"line":26,"column":46},"end":{"line":32,"column":1}},"line":26},"2":{"name":"App","decl":{"start":{"line":34,"column":9},"end":{"line":34,"column":12}},"loc":{"start":{"line":34,"column":15},"end":{"line":97,"column":1}},"line":34}},"branchMap":{"0":{"loc":{"start":{"line":19,"column":2},"end":{"line":21,"column":3}},"type":"if","locations":[{"start":{"line":19,"column":2},"end":{"line":21,"column":3}},{"start":{},"end":{}}],"line":19},"1":{"loc":{"start":{"line":28,"column":2},"end":{"line":30,"column":3}},"type":"if","locations":[{"start":{"line":28,"column":2},"end":{"line":30,"column":3}},{"start":{},"end":{}}],"line":28},"2":{"loc":{"start":{"line":28,"column":6},"end":{"line":28,"column":28}},"type":"binary-expr","locations":[{"start":{"line":28,"column":6},"end":{"line":28,"column":11}},{"start":{"line":28,"column":15},"end":{"line":28,"column":28}}],"line":28}},"s":{"0":0,"1":0,"2":0,"3":0,"4":0,"5":0,"6":0,"7":0,"8":0,"9":0,"10":0},"f":{"0":0,"1":0,"2":0},"b":{"0":[0,0],"1":[0,0],"2":[0,0]}}
,"E:\\grip--investment\\frontend\\src\\index.js": {"path":"E:\\grip--investment\\frontend\\src\\index.js","statementMap":{"0":{"start":{"line":7,"column":13},"end":{"line":7,"column":65}},"1":{"start":{"line":8,"column":0},"end":{"line":14,"column":2}}},"fnMap":{},"branchMap":{},"s":{"0":0,"1":0},"f":{},"b":{}}
,"E:\\grip--investment\\frontend\\src\\api\\auth.js": {"path":"E:\\grip--investment\\frontend\\src\\api\\auth.js","statementMap":{"0":{"start":{"line":3,"column":22},"end":{"line":3,"column":70}},"1":{"start":{"line":3,"column":36},"end":{"line":3,"column":70}},"2":{"start":{"line":4,"column":21},"end":{"line":4,"column":68}},"3":{"start":{"line":4,"column":35},"end":{"line":4,"column":68}},"4":{"start":{"line":5,"column":30},"end":{"line":5,"column":81}},"5":{"start":{"line":5,"column":41},"end":{"line":5,"column":81}},"6":{"start":{"line":6,"column":29},"end":{"line":6,"column":77}},"7":{"start":{"line":6,"column":39},"end":{"line":6,"column":77}},"8":{"start":{"line":7,"column":37},"end":{"line":7,"column":100}},"9":{"start":{"line":7,"column":51},"end":{"line":7,"column":100}}},"fnMap":{"0":{"name":"(anonymous_0)","decl":{"start":{"line":3,"column":22},"end":{"line":3,"column":23}},"loc":{"start":{"line":3,"column":36},"end":{"line":3,"column":70}},"line":3},"1":{"name":"(anonymous_1)","decl":{"start":{"line":4,"column":21},"end":{"line":4,"column":22}},"loc":{"start":{"line":4,"column":35},"end":{"line":4,"column":68}},"line":4},"2":{"name":"(anonymous_2)","decl":{"start":{"line":5,"column":30},"end":{"line":5,"column":31}},"loc":{"start":{"line":5,"column":41},"end":{"line":5,"column":81}},"line":5},"3":{"name":"(anonymous_3)","decl":{"start":{"line":6,"column":29},"end":{"line":6,"column":30}},"loc":{"start":{"line":6,"column":39},"end":{"line":6,"column":77}},"line":6},"4":{"name":"(anonymous_4)","decl":{"start":{"line":7,"column":37},"end":{"line":7,"column":38}},"loc":{"start":{"line":7,"column":51},"end":{"line":7,"column":100}},"line":7}},"branchMap":{},"s":{"0":0,"1":0,"2":0,"3":0,"4":0,"5":0,"6":0,"7":0,"8":0,"9":0},"f":{"0":0,"1":0,"2":0,"3":0,"4":0},"b":{}}
,"E:\\grip--investment\\frontend\\src\\api\\axios.js": {"path":"E:\\grip--investment\\frontend\\src\\api\\axios.js","statementMap":{"0":{"start":{"line":3,"column":12},"end":{"line":5,"column":2}},"1":{"start":{"line":7,"column":0},"end":{"line":12,"column":3}},"2":{"start":{"line":8,"column":2},"end":{"line":10,"column":3}},"3":{"start":{"line":9,"column":4},"end":{"line":9,"column":74}},"4":{"start":{"line":11,"column":2},"end":{"line":11,"column":13}}},"fnMap":{"0":{"name":"(anonymous_0)","decl":{"start":{"line":7,"column":29},"end":{"line":7,"column":30}},"loc":{"start":{"line":7,"column":38},"end":{"line":12,"column":1}},"line":7}},"branchMap":{"0":{"loc":{"start":{"line":4,"column":11},"end":{"line":4,"column":75}},"type":"binary-expr","locations":[{"start":{"line":4,"column":11},"end":{"line":4,"column":44}},{"start":{"line":4,"column":48},"end":{"line":4,"column":75}}],"line":4},"1":{"loc":{"start":{"line":8,"column":2},"end":{"line":10,"column":3}},"type":"if","locations":[{"start":{"line":8,"column":2},"end":{"line":10,"column":3}},{"start":{},"end":{}}],"line":8}},"s":{"0":0,"1":0,"2":0,"3":0,"4":0},"f":{"0":0},"b":{"0":[0,0],"1":[0,0]}}
,"E:\\grip--investment\\frontend\\src\\api\\logs.js": {"path":"E:\\grip--investment\\frontend\\src\\api\\logs.js","statementMap":{"0":{"start":{"line":3,"column":23},"end":{"line":3,"column":63}},"1":{"start":{"line":3,"column":35},"end":{"line":3,"column":63}}},"fnMap":{"0":{"name":"(anonymous_0)","decl":{"start":{"line":3,"column":23},"end":{"line":3,"column":24}},"loc":{"start":{"line":3,"column":35},"end":{"line":3,"column":63}},"line":3}},"branchMap":{},"s":{"0":0,"1":0},"f":{"0":0},"b":{}}
,"E:\\grip--investment\\frontend\\src\\api\\products.js": {"path":"E:\\grip--investment\\frontend\\src\\api\\products.js","statementMap":{"0":{"start":{"line":3,"column":27},"end":{"line":3,"column":53}},"1":{"start":{"line":3,"column":33},"end":{"line":3,"column":53}},"2":{"start":{"line":4,"column":30},"end":{"line":4,"column":64}},"3":{"start":{"line":4,"column":38},"end":{"line":4,"column":64}},"4":{"start":{"line":5,"column":29},"end":{"line":5,"column":80}},"5":{"start":{"line":5,"column":46},"end":{"line":5,"column":80}},"6":{"start":{"line":6,"column":29},"end":{"line":6,"column":89}},"7":{"start":{"line":6,"column":50},"end":{"line":6,"column":89}},"8":{"start":{"line":7,"column":29},"end":{"line":7,"column":66}},"9":{"start":{"line":7,"column":37},"end":{"line":7,"column":66}},"10":{"start":{"line":8,"column":41},"end":{"line":8,"column":83}},"11":{"start":{"line":8,"column":47},"end":{"line":8,"column":83}}},"fnMap":{"0":{"name":"(anonymous_0)","decl":{"start":{"line":3,"column":27},"end":{"line":3,"column":28}},"loc":{"start":{"line":3,"column":33},"end":{"line":3,"column":53}},"line":3},"1":{"name":"(anonymous_1)","decl":{"start":{"line":4,"column":30},"end":{"line":4,"column":31}},"loc":{"start":{"line":4,"column":38},"end":{"line":4,"column":64}},"line":4},"2":{"name":"(anonymous_2)","decl":{"start":{"line":5,"column":29},"end":{"line":5,"column":30}},"loc":{"start":{"line":5,"column":46},"end":{"line":5,"column":80}},"line":5},"3":{"name":"(anonymous_3)","decl":{"start":{"line":6,"column":29},"end":{"line":6,"column":30}},"loc":{"start":{"line":6,"column":50},"end":{"line":6,"column":89}},"line":6},"4":{"name":"(anonymous_4)","decl":{"start":{"line":7,"column":29},"end":{"line":7,"column":30}},"loc":{"start":{"line":7,"column":37},"end":{"line":7,"column":66}},"line":7},"5":{"name":"(anonymous_5)","decl":{"start":{"line":8,"column":41},"end":{"line":8,"column":42}},"loc":{"start":{"line":8,"column":47},"end":{"line":8,"column":83}},"line":8}},"branchMap":{},"s":{"0":0,"1":0,"2":0,"3":0,"4":0,"5":0,"6":0,"7":0,"8":0,"9":0,"10":0,"11":0},"f":{"0":0,"1":0,"2":0,"3":0,"4":0,"5":0},"b":{}}
,"E:\\grip--investment\\frontend\\src\\api\\user.js": {"path":"E:\\grip--investment\\frontend\\src\\api\\user.js","statementMap":{"0":{"start":{"line":3,"column":26},"end":{"line":3,"column":57}},"1":{"start":{"line":3,"column":32},"end":{"line":3,"column":57}},"2":{"start":{"line":5,"column":29},"end":{"line":5,"column":84}},"3":{"start":{"line":5,"column":46},"end":{"line":5,"column":84}}},"fnMap":{"0":{"name":"(anonymous_0)","decl":{"start":{"line":3,"column":26},"end":{"line":3,"column":27}},"loc":{"start":{"line":3,"column":32},"end":{"line":3,"column":57}},"line":3},"1":{"name":"(anonymous_1)","decl":{"start":{"line":5,"column":29},"end":{"line":5,"column":30}},"loc":{"start":{"line":5,"column":46},"end":{"line":5,"column":84}},"line":5}},"branchMap":{},"s":{"0":0,"1":0,"2":0,"3":0},"f":{"0":0,"1":0},"b":{}}
,"E:\\grip--investment\\frontend\\src\\components\\Footer.js": {"path":"E:\\grip--investment\\frontend\\src\\components\\Footer.js","statementMap":{"0":{"start":{"line":3,"column":15},"end":{"line":9,"column":1}},"1":{"start":{"line":4,"column":2},"end":{"line":8,"column":4}}},"fnMap":{"0":{"name":"(anonymous_0)","decl":{"start":{"line":3,"column":15},"end":{"line":3,"column":16}},"loc":{"start":{"line":3,"column":21},"end":{"line":9,"column":1}},"line":3}},"branchMap":{},"s":{"0":0,"1":0},"f":{"0":0},"b":{}}
,"E:\\grip--investment\\frontend\\src\\components\\Header.js": {"path":"E:\\grip--investment\\frontend\\src\\components\\Header.js","statementMap":{"0":{"start":{"line":5,"column":15},"end":{"line":36,"column":1}},"1":{"start":{"line":6,"column":27},"end":{"line":6,"column":36}},"2":{"start":{"line":8,"column":2},"end":{"line":35,"column":4}}},"fnMap":{"0":{"name":"(anonymous_0)","decl":{"start":{"line":5,"column":15},"end":{"line":5,"column":16}},"loc":{"start":{"line":5,"column":21},"end":{"line":36,"column":1}},"line":5}},"branchMap":{"0":{"loc":{"start":{"line":12,"column":9},"end":{"line":32,"column":9}},"type":"cond-expr","locations":[{"start":{"line":13,"column":10},"end":{"line":26,"column":16}},{"start":{"line":28,"column":10},"end":{"line":31,"column":16}}],"line":12},"1":{"loc":{"start":{"line":17,"column":13},"end":{"line":22,"column":13}},"type":"binary-expr","locations":[{"start":{"line":17,"column":13},"end":{"line":17,"column":25}},{"start":{"line":18,"column":14},"end":{"line":21,"column":17}}],"line":17}},"s":{"0":0,"1":0,"2":0},"f":{"0":0},"b":{"0":[0,0],"1":[0,0]}}
,"E:\\grip--investment\\frontend\\src\\components\\Layout.js": {"path":"E:\\grip--investment\\frontend\\src\\components\\Layout.js","statementMap":{"0":{"start":{"line":5,"column":15},"end":{"line":15,"column":1}},"1":{"start":{"line":6,"column":2},"end":{"line":14,"column":4}}},"fnMap":{"0":{"name":"(anonymous_0)","decl":{"start":{"line":5,"column":15},"end":{"line":5,"column":16}},"loc":{"start":{"line":5,"column":33},"end":{"line":15,"column":1}},"line":5}},"branchMap":{},"s":{"0":0,"1":0},"f":{"0":0},"b":{}}
,"E:\\grip--investment\\frontend\\src\\context\\AuthContext.js": {"path":"E:\\grip--investment\\frontend\\src\\context\\AuthContext.js","statementMap":{"0":{"start":{"line":3,"column":20},"end":{"line":3,"column":39}},"1":{"start":{"line":5,"column":28},"end":{"line":35,"column":1}},"2":{"start":{"line":6,"column":26},"end":{"line":6,"column":40}},"3":{"start":{"line":7,"column":28},"end":{"line":7,"column":75}},"4":{"start":{"line":9,"column":2},"end":{"line":17,"column":14}},"5":{"start":{"line":10,"column":4},"end":{"line":16,"column":5}},"6":{"start":{"line":13,"column":6},"end":{"line":13,"column":41}},"7":{"start":{"line":15,"column":6},"end":{"line":15,"column":20}},"8":{"start":{"line":19,"column":16},"end":{"line":22,"column":3}},"9":{"start":{"line":20,"column":4},"end":{"line":20,"column":44}},"10":{"start":{"line":21,"column":4},"end":{"line":21,"column":23}},"11":{"start":{"line":24,"column":17},"end":{"line":28,"column":3}},"12":{"start":{"line":25,"column":4},"end":{"line":25,"column":37}},"13":{"start":{"line":26,"column":4},"end":{"line":26,"column":19}},"14":{"start":{"line":27,"column":4},"end":{"line":27,"column":18}},"15":{"start":{"line":30,"column":2},"end":{"line":34,"column":4}},"16":{"start":{"line":37,"column":23},"end":{"line":39,"column":1}},"17":{"start":{"line":38,"column":2},"end":{"line":38,"column":33}}},"fnMap":{"0":{"name":"(anonymous_0)","decl":{"start":{"line":5,"column":28},"end":{"line":5,"column":29}},"loc":{"start":{"line":5,"column":46},"end":{"line":35,"column":1}},"line":5},"1":{"name":"(anonymous_1)","decl":{"start":{"line":9,"column":12},"end":{"line":9,"column":13}},"loc":{"start":{"line":9,"column":18},"end":{"line":17,"column":3}},"line":9},"2":{"name":"(anonymous_2)","decl":{"start":{"line":19,"column":16},"end":{"line":19,"column":17}},"loc":{"start":{"line":19,"column":30},"end":{"line":22,"column":3}},"line":19},"3":{"name":"(anonymous_3)","decl":{"start":{"line":24,"column":17},"end":{"line":24,"column":18}},"loc":{"start":{"line":24,"column":23},"end":{"line":28,"column":3}},"line":24},"4":{"name":"(anonymous_4)","decl":{"start":{"line":37,"column":23},"end":{"line":37,"column":24}},"loc":{"start":{"line":37,"column":29},"end":{"line":39,"column":1}},"line":37}},"branchMap":{"0":{"loc":{"start":{"line":7,"column":37},"end":{"line":7,"column":74}},"type":"binary-expr","locations":[{"start":{"line":7,"column":37},"end":{"line":7,"column":66}},{"start":{"line":7,"column":70},"end":{"line":7,"column":74}}],"line":7},"1":{"loc":{"start":{"line":10,"column":4},"end":{"line":16,"column":5}},"type":"if","locations":[{"start":{"line":10,"column":4},"end":{"line":16,"column":5}},{"start":{"line":14,"column":11},"end":{"line":16,"column":5}}],"line":10}},"s":{"0":0,"1":0,"2":0,"3":0,"4":0,"5":0,"6":0,"7":0,"8":0,"9":0,"10":0,"11":0,"12":0,"13":0,"14":0,"15":0,"16":0,"17":0},"f":{"0":0,"1":0,"2":0,"3":0,"4":0},"b":{"0":[0,0],"1":[0,0]}}
,"E:\\grip--investment\\frontend\\src\\pages\\AdminProductsPage.js": {"path":"E:\\grip--investment\\frontend\\src\\pages\\AdminProductsPage.js","statementMap":{"0":{"start":{"line":5,"column":26},"end":{"line":233,"column":1}},"1":{"start":{"line":6,"column":19},"end":{"line":6,"column":28}},"2":{"start":{"line":7,"column":34},"end":{"line":7,"column":46}},"3":{"start":{"line":8,"column":32},"end":{"line":8,"column":46}},"4":{"start":{"line":9,"column":28},"end":{"line":9,"column":40}},"5":{"start":{"line":10,"column":40},"end":{"line":10,"column":55}},"6":{"start":{"line":11,"column":46},"end":{"line":11,"column":60}},"7":{"start":{"line":13,"column":34},"end":{"line":22,"column":4}},"8":{"start":{"line":24,"column":2},"end":{"line":34,"column":13}},"9":{"start":{"line":25,"column":4},"end":{"line":33,"column":5}},"10":{"start":{"line":26,"column":6},"end":{"line":26,"column":22}},"11":{"start":{"line":27,"column":11},"end":{"line":33,"column":5}},"12":{"start":{"line":28,"column":6},"end":{"line":28,"column":60}},"13":{"start":{"line":29,"column":6},"end":{"line":29,"column":24}},"14":{"start":{"line":31,"column":6},"end":{"line":31,"column":33}},"15":{"start":{"line":32,"column":6},"end":{"line":32,"column":24}},"16":{"start":{"line":36,"column":24},"end":{"line":45,"column":3}},"17":{"start":{"line":37,"column":4},"end":{"line":44,"column":5}},"18":{"start":{"line":38,"column":18},"end":{"line":38,"column":37}},"19":{"start":{"line":39,"column":6},"end":{"line":39,"column":28}},"20":{"start":{"line":41,"column":6},"end":{"line":41,"column":74}},"21":{"start":{"line":43,"column":6},"end":{"line":43,"column":24}},"22":{"start":{"line":47,"column":23},"end":{"line":50,"column":3}},"23":{"start":{"line":48,"column":28},"end":{"line":48,"column":36}},"24":{"start":{"line":49,"column":4},"end":{"line":49,"column":48}},"25":{"start":{"line":52,"column":26},"end":{"line":78,"column":3}},"26":{"start":{"line":53,"column":4},"end":{"line":53,"column":31}},"27":{"start":{"line":54,"column":4},"end":{"line":76,"column":5}},"28":{"start":{"line":55,"column":6},"end":{"line":64,"column":9}},"29":{"start":{"line":66,"column":6},"end":{"line":75,"column":9}},"30":{"start":{"line":77,"column":4},"end":{"line":77,"column":25}},"31":{"start":{"line":80,"column":27},"end":{"line":84,"column":3}},"32":{"start":{"line":81,"column":4},"end":{"line":81,"column":26}},"33":{"start":{"line":82,"column":4},"end":{"line":82,"column":28}},"34":{"start":{"line":83,"column":4},"end":{"line":83,"column":17}},"35":{"start":{"line":86,"column":23},"end":{"line":100,"column":3}},"36":{"start":{"line":87,"column":4},"end":{"line":87,"column":23}},"37":{"start":{"line":88,"column":4},"end":{"line":88,"column":17}},"38":{"start":{"line":89,"column":4},"end":{"line":99,"column":5}},"39":{"start":{"line":90,"column":6},"end":{"line":94,"column":7}},"40":{"start":{"line":91,"column":8},"end":{"line":91,"column":57}},"41":{"start":{"line":93,"column":8},"end":{"line":93,"column":38}},"42":{"start":{"line":95,"column":6},"end":{"line":95,"column":22}},"43":{"start":{"line":96,"column":6},"end":{"line":96,"column":25}},"44":{"start":{"line":98,"column":6},"end":{"line":98,"column":66}},"45":{"start":{"line":102,"column":23},"end":{"line":111,"column":3}},"46":{"start":{"line":103,"column":4},"end":{"line":110,"column":5}},"47":{"start":{"line":104,"column":6},"end":{"line":109,"column":7}},"48":{"start":{"line":105,"column":8},"end":{"line":105,"column":32}},"49":{"start":{"line":106,"column":8},"end":{"line":106,"column":24}},"50":{"start":{"line":108,"column":8},"end":{"line":108,"column":67}},"51":{"start":{"line":113,"column":2},"end":{"line":113,"column":76}},"52":{"start":{"line":113,"column":15},"end":{"line":113,"column":76}},"53":{"start":{"line":114,"column":2},"end":{"line":114,"column":91}},"54":{"start":{"line":114,"column":13},"end":{"line":114,"column":91}},"55":{"start":{"line":115,"column":2},"end":{"line":115,"column":108}},"56":{"start":{"line":115,"column":30},"end":{"line":115,"column":108}},"57":{"start":{"line":117,"column":2},"end":{"line":232,"column":4}},"58":{"start":{"line":122,"column":25},"end":{"line":122,"column":42}},"59":{"start":{"line":144,"column":14},"end":{"line":165,"column":19}},"60":{"start":{"line":153,"column":35},"end":{"line":153,"column":59}},"61":{"start":{"line":159,"column":35},"end":{"line":159,"column":59}}},"fnMap":{"0":{"name":"(anonymous_0)","decl":{"start":{"line":5,"column":26},"end":{"line":5,"column":27}},"loc":{"start":{"line":5,"column":32},"end":{"line":233,"column":1}},"line":5},"1":{"name":"(anonymous_1)","decl":{"start":{"line":24,"column":12},"end":{"line":24,"column":13}},"loc":{"start":{"line":24,"column":18},"end":{"line":34,"column":3}},"line":24},"2":{"name":"(anonymous_2)","decl":{"start":{"line":36,"column":24},"end":{"line":36,"column":25}},"loc":{"start":{"line":36,"column":36},"end":{"line":45,"column":3}},"line":36},"3":{"name":"(anonymous_3)","decl":{"start":{"line":47,"column":23},"end":{"line":47,"column":24}},"loc":{"start":{"line":47,"column":30},"end":{"line":50,"column":3}},"line":47},"4":{"name":"(anonymous_4)","decl":{"start":{"line":52,"column":26},"end":{"line":52,"column":27}},"loc":{"start":{"line":52,"column":46},"end":{"line":78,"column":3}},"line":52},"5":{"name":"(anonymous_5)","decl":{"start":{"line":80,"column":27},"end":{"line":80,"column":28}},"loc":{"start":{"line":80,"column":33},"end":{"line":84,"column":3}},"line":80},"6":{"name":"(anonymous_6)","decl":{"start":{"line":86,"column":23},"end":{"line":86,"column":24}},"loc":{"start":{"line":86,"column":36},"end":{"line":100,"column":3}},"line":86},"7":{"name":"(anonymous_7)","decl":{"start":{"line":102,"column":23},"end":{"line":102,"column":24}},"loc":{"start":{"line":102,"column":37},"end":{"line":111,"column":3}},"line":102},"8":{"name":"(anonymous_8)","decl":{"start":{"line":122,"column":19},"end":{"line":122,"column":20}},"loc":{"start":{"line":122,"column":25},"end":{"line":122,"column":42}},"line":122},"9":{"name":"(anonymous_9)","decl":{"start":{"line":143,"column":26},"end":{"line":143,"column":27}},"loc":{"start":{"line":144,"column":14},"end":{"line":165,"column":19}},"line":144},"10":{"name":"(anonymous_10)","decl":{"start":{"line":153,"column":29},"end":{"line":153,"column":30}},"loc":{"start":{"line":153,"column":35},"end":{"line":153,"column":59}},"line":153},"11":{"name":"(anonymous_11)","decl":{"start":{"line":159,"column":29},"end":{"line":159,"column":30}},"loc":{"start":{"line":159,"column":35},"end":{"line":159,"column":59}},"line":159}},"branchMap":{"0":{"loc":{"start":{"line":25,"column":4},"end":{"line":33,"column":5}},"type":"if","locations":[{"start":{"line":25,"column":4},"end":{"line":33,"column":5}},{"start":{"line":27,"column":11},"end":{"line":33,"column":5}}],"line":25},"1":{"loc":{"start":{"line":25,"column":8},"end":{"line":25,"column":28}},"type":"binary-expr","locations":[{"start":{"line":25,"column":8},"end":{"line":25,"column":12}},{"start":{"line":25,"column":16},"end":{"line":25,"column":28}}],"line":25},"2":{"loc":{"start":{"line":27,"column":11},"end":{"line":33,"column":5}},"type":"if","locations":[{"start":{"line":27,"column":11},"end":{"line":33,"column":5}},{"start":{"line":30,"column":11},"end":{"line":33,"column":5}}],"line":27},"3":{"loc":{"start":{"line":41,"column":15},"end":{"line":41,"column":72}},"type":"binary-expr","locations":[{"start":{"line":41,"column":15},"end":{"line":41,"column":42}},{"start":{"line":41,"column":46},"end":{"line":41,"column":72}}],"line":41},"4":{"loc":{"start":{"line":52,"column":27},"end":{"line":52,"column":41}},"type":"default-arg","locations":[{"start":{"line":52,"column":37},"end":{"line":52,"column":41}}],"line":52},"5":{"loc":{"start":{"line":54,"column":4},"end":{"line":76,"column":5}},"type":"if","locations":[{"start":{"line":54,"column":4},"end":{"line":76,"column":5}},{"start":{"line":65,"column":11},"end":{"line":76,"column":5}}],"line":54},"6":{"loc":{"start":{"line":62,"column":23},"end":{"line":62,"column":50}},"type":"binary-expr","locations":[{"start":{"line":62,"column":23},"end":{"line":62,"column":44}},{"start":{"line":62,"column":48},"end":{"line":62,"column":50}}],"line":62},"7":{"loc":{"start":{"line":63,"column":21},"end":{"line":63,"column":46}},"type":"binary-expr","locations":[{"start":{"line":63,"column":21},"end":{"line":63,"column":40}},{"start":{"line":63,"column":44},"end":{"line":63,"column":46}}],"line":63},"8":{"loc":{"start":{"line":90,"column":6},"end":{"line":94,"column":7}},"type":"if","locations":[{"start":{"line":90,"column":6},"end":{"line":94,"column":7}},{"start":{"line":92,"column":13},"end":{"line":94,"column":7}}],"line":90},"9":{"loc":{"start":{"line":98,"column":15},"end":{"line":98,"column":64}},"type":"binary-expr","locations":[{"start":{"line":98,"column":15},"end":{"line":98,"column":42}},{"start":{"line":98,"column":46},"end":{"line":98,"column":64}}],"line":98},"10":{"loc":{"start":{"line":103,"column":4},"end":{"line":110,"column":5}},"type":"if","locations":[{"start":{"line":103,"column":4},"end":{"line":110,"column":5}},{"start":{},"end":{}}],"line":103},"11":{"loc":{"start":{"line":108,"column":17},"end":{"line":108,"column":65}},"type":"binary-expr","locations":[{"start":{"line":108,"column":17},"end":{"line":108,"column":44}},{"start":{"line":108,"column":48},"end":{"line":108,"column":65}}],"line":108},"12":{"loc":{"start":{"line":113,"column":2},"end":{"line":113,"column":76}},"type":"if","locations":[{"start":{"line":113,"column":2},"end":{"line":113,"column":76}},{"start":{},"end":{}}],"line":113},"13":{"loc":{"start":{"line":114,"column":2},"end":{"line":114,"column":91}},"type":"if","locations":[{"start":{"line":114,"column":2},"end":{"line":114,"column":91}},{"start":{},"end":{}}],"line":114},"14":{"loc":{"start":{"line":115,"column":2},"end":{"line":115,"column":108}},"type":"if","locations":[{"start":{"line":115,"column":2},"end":{"line":115,"column":108}},{"start":{},"end":{}}],"line":115},"15":{"loc":{"start":{"line":115,"column":6},"end":{"line":115,"column":28}},"type":"binary-expr","locations":[{"start":{"line":115,"column":6},"end":{"line":115,"column":11}},{"start":{"line":115,"column":15},"end":{"line":115,"column":28}}],"line":115},"16":{"loc":{"start":{"line":150,"column":52},"end":{"line":150,"column":111}},"type":"cond-expr","locations":[{"start":{"line":150,"column":76},"end":{"line":150,"column":103}},{"start":{"line":150,"column":106},"end":{"line":150,"column":111}}],"line":150},"17":{"loc":{"start":{"line":171,"column":7},"end":{"line":230,"column":7}},"type":"binary-expr","locations":[{"start":{"line":171,"column":7},"end":{"line":171,"column":18}},{"start":{"line":172,"column":8},"end":{"line":229,"column":14}}],"line":171},"18":{"loc":{"start":{"line":174,"column":53},"end":{"line":174,"column":104}},"type":"cond-expr","locations":[{"start":{"line":174,"column":70},"end":{"line":174,"column":84}},{"start":{"line":174,"column":87},"end":{"line":174,"column":104}}],"line":174},"19":{"loc":{"start":{"line":175,"column":13},"end":{"line":175,"column":66}},"type":"binary-expr","locations":[{"start":{"line":175,"column":13},"end":{"line":175,"column":18}},{"start":{"line":175,"column":22},"end":{"line":175,"column":66}}],"line":175},"20":{"loc":{"start":{"line":224,"column":19},"end":{"line":224,"column":68}},"type":"cond-expr","locations":[{"start":{"line":224,"column":36},"end":{"line":224,"column":52}},{"start":{"line":224,"column":55},"end":{"line":224,"column":68}}],"line":224}},"s":{"0":0,"1":0,"2":0,"3":0,"4":0,"5":0,"6":0,"7":0,"8":0,"9":0,"10":0,"11":0,"12":0,"13":0,"14":0,"15":0,"16":0,"17":0,"18":0,"19":0,"20":0,"21":0,"22":0,"23":0,"24":0,"25":0,"26":0,"27":0,"28":0,"29":0,"30":0,"31":0,"32":0,"33":0,"34":0,"35":0,"36":0,"37":0,"38":0,"39":0,"40":0,"41":0,"42":0,"43":0,"44":0,"45":0,"46":0,"47":0,"48":0,"49":0,"50":0,"51":0,"52":0,"53":0,"54":0,"55":0,"56":0,"57":0,"58":0,"59":0,"60":0,"61":0},"f":{"0":0,"1":0,"2":0,"3":0,"4":0,"5":0,"6":0,"7":0,"8":0,"9":0,"10":0,"11":0},"b":{"0":[0,0],"1":[0,0],"2":[0,0],"3":[0,0],"4":[0],"5":[0,0],"6":[0,0],"7":[0,0],"8":[0,0],"9":[0,0],"10":[0,0],"11":[0,0],"12":[0,0],"13":[0,0],"14":[0,0],"15":[0,0],"16":[0,0],"17":[0,0],"18":[0,0],"19":[0,0],"20":[0,0]}}
,"E:\\grip--investment\\frontend\\src\\pages\\DashboardPage.js": {"path":"E:\\grip--investment\\frontend\\src\\pages\\DashboardPage.js","statementMap":{"0":{"start":{"line":6,"column":0},"end":{"line":6,"column":46}},"1":{"start":{"line":8,"column":22},"end":{"line":128,"column":1}},"2":{"start":{"line":9,"column":36},"end":{"line":9,"column":50}},"3":{"start":{"line":10,"column":40},"end":{"line":10,"column":52}},"4":{"start":{"line":11,"column":32},"end":{"line":11,"column":46}},"5":{"start":{"line":12,"column":28},"end":{"line":12,"column":40}},"6":{"start":{"line":14,"column":2},"end":{"line":30,"column":9}},"7":{"start":{"line":15,"column":31},"end":{"line":27,"column":5}},"8":{"start":{"line":16,"column":6},"end":{"line":26,"column":7}},"9":{"start":{"line":17,"column":29},"end":{"line":17,"column":58}},"10":{"start":{"line":18,"column":8},"end":{"line":18,"column":40}},"11":{"start":{"line":20,"column":27},"end":{"line":20,"column":64}},"12":{"start":{"line":21,"column":8},"end":{"line":21,"column":48}},"13":{"start":{"line":23,"column":8},"end":{"line":23,"column":82}},"14":{"start":{"line":25,"column":8},"end":{"line":25,"column":26}},"15":{"start":{"line":29,"column":4},"end":{"line":29,"column":25}},"16":{"start":{"line":32,"column":2},"end":{"line":32,"column":86}},"17":{"start":{"line":32,"column":15},"end":{"line":32,"column":86}},"18":{"start":{"line":33,"column":2},"end":{"line":33,"column":91}},"19":{"start":{"line":33,"column":13},"end":{"line":33,"column":91}},"20":{"start":{"line":34,"column":2},"end":{"line":34,"column":97}},"21":{"start":{"line":34,"column":18},"end":{"line":34,"column":97}},"22":{"start":{"line":36,"column":26},"end":{"line":36,"column":28}},"23":{"start":{"line":37,"column":2},"end":{"line":40,"column":5}},"24":{"start":{"line":38,"column":17},"end":{"line":38,"column":43}},"25":{"start":{"line":39,"column":4},"end":{"line":39,"column":82}},"26":{"start":{"line":42,"column":20},"end":{"line":64,"column":3}},"27":{"start":{"line":66,"column":2},"end":{"line":127,"column":4}},"28":{"start":{"line":112,"column":18},"end":{"line":119,"column":23}}},"fnMap":{"0":{"name":"(anonymous_0)","decl":{"start":{"line":8,"column":22},"end":{"line":8,"column":23}},"loc":{"start":{"line":8,"column":28},"end":{"line":128,"column":1}},"line":8},"1":{"name":"(anonymous_1)","decl":{"start":{"line":14,"column":12},"end":{"line":14,"column":13}},"loc":{"start":{"line":14,"column":18},"end":{"line":30,"column":3}},"line":14},"2":{"name":"(anonymous_2)","decl":{"start":{"line":15,"column":31},"end":{"line":15,"column":32}},"loc":{"start":{"line":15,"column":43},"end":{"line":27,"column":5}},"line":15},"3":{"name":"(anonymous_3)","decl":{"start":{"line":37,"column":32},"end":{"line":37,"column":33}},"loc":{"start":{"line":37,"column":39},"end":{"line":40,"column":3}},"line":37},"4":{"name":"(anonymous_4)","decl":{"start":{"line":111,"column":43},"end":{"line":111,"column":44}},"loc":{"start":{"line":112,"column":18},"end":{"line":119,"column":23}},"line":112}},"branchMap":{"0":{"loc":{"start":{"line":23,"column":17},"end":{"line":23,"column":80}},"type":"binary-expr","locations":[{"start":{"line":23,"column":17},"end":{"line":23,"column":44}},{"start":{"line":23,"column":48},"end":{"line":23,"column":80}}],"line":23},"1":{"loc":{"start":{"line":32,"column":2},"end":{"line":32,"column":86}},"type":"if","locations":[{"start":{"line":32,"column":2},"end":{"line":32,"column":86}},{"start":{},"end":{}}],"line":32},"2":{"loc":{"start":{"line":33,"column":2},"end":{"line":33,"column":91}},"type":"if","locations":[{"start":{"line":33,"column":2},"end":{"line":33,"column":91}},{"start":{},"end":{}}],"line":33},"3":{"loc":{"start":{"line":34,"column":2},"end":{"line":34,"column":97}},"type":"if","locations":[{"start":{"line":34,"column":2},"end":{"line":34,"column":97}},{"start":{},"end":{}}],"line":34},"4":{"loc":{"start":{"line":39,"column":29},"end":{"line":39,"column":55}},"type":"binary-expr","locations":[{"start":{"line":39,"column":29},"end":{"line":39,"column":50}},{"start":{"line":39,"column":54},"end":{"line":39,"column":55}}],"line":39},"5":{"loc":{"start":{"line":86,"column":7},"end":{"line":91,"column":7}},"type":"binary-expr","locations":[{"start":{"line":86,"column":7},"end":{"line":86,"column":18}},{"start":{"line":87,"column":8},"end":{"line":90,"column":14}}],"line":86},"6":{"loc":{"start":{"line":95,"column":9},"end":{"line":124,"column":9}},"type":"cond-expr","locations":[{"start":{"line":96,"column":10},"end":{"line":96,"column":78}},{"start":{"line":98,"column":10},"end":{"line":123,"column":16}}],"line":95}},"s":{"0":0,"1":0,"2":0,"3":0,"4":0,"5":0,"6":0,"7":0,"8":0,"9":0,"10":0,"11":0,"12":0,"13":0,"14":0,"15":0,"16":0,"17":0,"18":0,"19":0,"20":0,"21":0,"22":0,"23":0,"24":0,"25":0,"26":0,"27":0,"28":0},"f":{"0":0,"1":0,"2":0,"3":0,"4":0},"b":{"0":[0,0],"1":[0,0],"2":[0,0],"3":[0,0],"4":[0,0],"5":[0,0],"6":[0,0]}}
,"E:\\grip--investment\\frontend\\src\\pages\\ForgotPasswordPage.js": {"path":"E:\\grip--investment\\frontend\\src\\pages\\ForgotPasswordPage.js","statementMap":{"0":{"start":{"line":4,"column":27},"end":{"line":54,"column":1}},"1":{"start":{"line":5,"column":28},"end":{"line":5,"column":40}},"2":{"start":{"line":6,"column":32},"end":{"line":6,"column":44}},"3":{"start":{"line":7,"column":28},"end":{"line":7,"column":40}},"4":{"start":{"line":9,"column":23},"end":{"line":19,"column":3}},"5":{"start":{"line":10,"column":4},"end":{"line":10,"column":23}},"6":{"start":{"line":11,"column":4},"end":{"line":11,"column":17}},"7":{"start":{"line":12,"column":4},"end":{"line":12,"column":19}},"8":{"start":{"line":13,"column":4},"end":{"line":18,"column":5}},"9":{"start":{"line":14,"column":18},"end":{"line":14,"column":49}},"10":{"start":{"line":15,"column":6},"end":{"line":15,"column":35}},"11":{"start":{"line":17,"column":6},"end":{"line":17,"column":67}},"12":{"start":{"line":21,"column":2},"end":{"line":53,"column":4}},"13":{"start":{"line":38,"column":31},"end":{"line":38,"column":55}}},"fnMap":{"0":{"name":"(anonymous_0)","decl":{"start":{"line":4,"column":27},"end":{"line":4,"column":28}},"loc":{"start":{"line":4,"column":33},"end":{"line":54,"column":1}},"line":4},"1":{"name":"(anonymous_1)","decl":{"start":{"line":9,"column":23},"end":{"line":9,"column":24}},"loc":{"start":{"line":9,"column":36},"end":{"line":19,"column":3}},"line":9},"2":{"name":"(anonymous_2)","decl":{"start":{"line":38,"column":24},"end":{"line":38,"column":25}},"loc":{"start":{"line":38,"column":31},"end":{"line":38,"column":55}},"line":38}},"branchMap":{"0":{"loc":{"start":{"line":17,"column":15},"end":{"line":17,"column":65}},"type":"binary-expr","locations":[{"start":{"line":17,"column":15},"end":{"line":17,"column":42}},{"start":{"line":17,"column":46},"end":{"line":17,"column":65}}],"line":17},"1":{"loc":{"start":{"line":25,"column":9},"end":{"line":25,"column":80}},"type":"binary-expr","locations":[{"start":{"line":25,"column":9},"end":{"line":25,"column":16}},{"start":{"line":25,"column":20},"end":{"line":25,"column":80}}],"line":25},"2":{"loc":{"start":{"line":26,"column":9},"end":{"line":26,"column":74}},"type":"binary-expr","locations":[{"start":{"line":26,"column":9},"end":{"line":26,"column":14}},{"start":{"line":26,"column":18},"end":{"line":26,"column":74}}],"line":26}},"s":{"0":0,"1":0,"2":0,"3":0,"4":0,"5":0,"6":0,"7":0,"8":0,"9":0,"10":0,"11":0,"12":0,"13":0},"f":{"0":0,"1":0,"2":0},"b":{"0":[0,0],"1":[0,0],"2":[0,0]}}
,"E:\\grip--investment\\frontend\\src\\pages\\LandingPage.js": {"path":"E:\\grip--investment\\frontend\\src\\pages\\LandingPage.js","statementMap":{"0":{"start":{"line":4,"column":20},"end":{"line":23,"column":1}},"1":{"start":{"line":5,"column":2},"end":{"line":22,"column":4}}},"fnMap":{"0":{"name":"(anonymous_0)","decl":{"start":{"line":4,"column":20},"end":{"line":4,"column":21}},"loc":{"start":{"line":4,"column":26},"end":{"line":23,"column":1}},"line":4}},"branchMap":{},"s":{"0":0,"1":0},"f":{"0":0},"b":{}}
,"E:\\grip--investment\\frontend\\src\\pages\\LoginPage.js": {"path":"E:\\grip--investment\\frontend\\src\\pages\\LoginPage.js","statementMap":{"0":{"start":{"line":6,"column":18},"end":{"line":97,"column":1}},"1":{"start":{"line":7,"column":28},"end":{"line":7,"column":40}},"2":{"start":{"line":8,"column":34},"end":{"line":8,"column":46}},"3":{"start":{"line":9,"column":42},"end":{"line":9,"column":57}},"4":{"start":{"line":10,"column":28},"end":{"line":10,"column":40}},"5":{"start":{"line":11,"column":19},"end":{"line":11,"column":32}},"6":{"start":{"line":12,"column":31},"end":{"line":12,"column":40}},"7":{"start":{"line":14,"column":23},"end":{"line":24,"column":3}},"8":{"start":{"line":15,"column":4},"end":{"line":15,"column":23}},"9":{"start":{"line":16,"column":4},"end":{"line":16,"column":17}},"10":{"start":{"line":17,"column":4},"end":{"line":23,"column":5}},"11":{"start":{"line":18,"column":18},"end":{"line":18,"column":50}},"12":{"start":{"line":19,"column":6},"end":{"line":19,"column":32}},"13":{"start":{"line":20,"column":6},"end":{"line":20,"column":29}},"14":{"start":{"line":22,"column":6},"end":{"line":22,"column":62}},"15":{"start":{"line":26,"column":2},"end":{"line":96,"column":4}},"16":{"start":{"line":42,"column":31},"end":{"line":42,"column":55}},"17":{"start":{"line":57,"column":33},"end":{"line":57,"column":60}},"18":{"start":{"line":64,"column":33},"end":{"line":64,"column":63}}},"fnMap":{"0":{"name":"(anonymous_0)","decl":{"start":{"line":6,"column":18},"end":{"line":6,"column":19}},"loc":{"start":{"line":6,"column":24},"end":{"line":97,"column":1}},"line":6},"1":{"name":"(anonymous_1)","decl":{"start":{"line":14,"column":23},"end":{"line":14,"column":24}},"loc":{"start":{"line":14,"column":36},"end":{"line":24,"column":3}},"line":14},"2":{"name":"(anonymous_2)","decl":{"start":{"line":42,"column":24},"end":{"line":42,"column":25}},"loc":{"start":{"line":42,"column":31},"end":{"line":42,"column":55}},"line":42},"3":{"name":"(anonymous_3)","decl":{"start":{"line":57,"column":26},"end":{"line":57,"column":27}},"loc":{"start":{"line":57,"column":33},"end":{"line":57,"column":60}},"line":57},"4":{"name":"(anonymous_4)","decl":{"start":{"line":64,"column":27},"end":{"line":64,"column":28}},"loc":{"start":{"line":64,"column":33},"end":{"line":64,"column":63}},"line":64}},"branchMap":{"0":{"loc":{"start":{"line":22,"column":15},"end":{"line":22,"column":60}},"type":"binary-expr","locations":[{"start":{"line":22,"column":15},"end":{"line":22,"column":42}},{"start":{"line":22,"column":46},"end":{"line":22,"column":60}}],"line":22},"1":{"loc":{"start":{"line":30,"column":9},"end":{"line":30,"column":74}},"type":"binary-expr","locations":[{"start":{"line":30,"column":9},"end":{"line":30,"column":14}},{"start":{"line":30,"column":18},"end":{"line":30,"column":74}}],"line":30},"2":{"loc":{"start":{"line":52,"column":22},"end":{"line":52,"column":56}},"type":"cond-expr","locations":[{"start":{"line":52,"column":37},"end":{"line":52,"column":43}},{"start":{"line":52,"column":46},"end":{"line":52,"column":56}}],"line":52},"3":{"loc":{"start":{"line":66,"column":19},"end":{"line":66,"column":49}},"type":"cond-expr","locations":[{"start":{"line":66,"column":34},"end":{"line":66,"column":40}},{"start":{"line":66,"column":43},"end":{"line":66,"column":49}}],"line":66}},"s":{"0":0,"1":0,"2":0,"3":0,"4":0,"5":0,"6":0,"7":0,"8":0,"9":0,"10":0,"11":0,"12":0,"13":0,"14":0,"15":0,"16":0,"17":0,"18":0},"f":{"0":0,"1":0,"2":0,"3":0,"4":0},"b":{"0":[0,0],"1":[0,0],"2":[0,0],"3":[0,0]}}
,"E:\\grip--investment\\frontend\\src\\pages\\LogsPage.js": {"path":"E:\\grip--investment\\frontend\\src\\pages\\LogsPage.js","statementMap":{"0":{"start":{"line":5,"column":17},"end":{"line":126,"column":1}},"1":{"start":{"line":6,"column":19},"end":{"line":6,"column":28}},"2":{"start":{"line":7,"column":26},"end":{"line":7,"column":38}},"3":{"start":{"line":8,"column":32},"end":{"line":8,"column":46}},"4":{"start":{"line":9,"column":28},"end":{"line":9,"column":40}},"5":{"start":{"line":10,"column":42},"end":{"line":10,"column":54}},"6":{"start":{"line":11,"column":40},"end":{"line":11,"column":52}},"7":{"start":{"line":13,"column":2},"end":{"line":23,"column":40}},"8":{"start":{"line":14,"column":4},"end":{"line":22,"column":5}},"9":{"start":{"line":15,"column":6},"end":{"line":15,"column":18}},"10":{"start":{"line":16,"column":11},"end":{"line":22,"column":5}},"11":{"start":{"line":17,"column":6},"end":{"line":17,"column":60}},"12":{"start":{"line":18,"column":6},"end":{"line":18,"column":24}},"13":{"start":{"line":20,"column":6},"end":{"line":20,"column":33}},"14":{"start":{"line":21,"column":6},"end":{"line":21,"column":24}},"15":{"start":{"line":25,"column":20},"end":{"line":40,"column":3}},"16":{"start":{"line":26,"column":4},"end":{"line":26,"column":21}},"17":{"start":{"line":27,"column":4},"end":{"line":27,"column":17}},"18":{"start":{"line":28,"column":4},"end":{"line":39,"column":5}},"19":{"start":{"line":29,"column":21},"end":{"line":29,"column":23}},"20":{"start":{"line":30,"column":6},"end":{"line":30,"column":53}},"21":{"start":{"line":30,"column":24},"end":{"line":30,"column":53}},"22":{"start":{"line":31,"column":6},"end":{"line":31,"column":50}},"23":{"start":{"line":31,"column":23},"end":{"line":31,"column":50}},"24":{"start":{"line":33,"column":18},"end":{"line":33,"column":39}},"25":{"start":{"line":34,"column":6},"end":{"line":34,"column":24}},"26":{"start":{"line":36,"column":6},"end":{"line":36,"column":70}},"27":{"start":{"line":38,"column":6},"end":{"line":38,"column":24}},"28":{"start":{"line":42,"column":2},"end":{"line":42,"column":81}},"29":{"start":{"line":42,"column":15},"end":{"line":42,"column":81}},"30":{"start":{"line":43,"column":2},"end":{"line":43,"column":91}},"31":{"start":{"line":43,"column":13},"end":{"line":43,"column":91}},"32":{"start":{"line":44,"column":2},"end":{"line":44,"column":108}},"33":{"start":{"line":44,"column":30},"end":{"line":44,"column":108}},"34":{"start":{"line":46,"column":2},"end":{"line":125,"column":4}},"35":{"start":{"line":63,"column":31},"end":{"line":63,"column":62}},"36":{"start":{"line":76,"column":31},"end":{"line":76,"column":61}},"37":{"start":{"line":104,"column":14},"end":{"line":119,"column":19}}},"fnMap":{"0":{"name":"(anonymous_0)","decl":{"start":{"line":5,"column":17},"end":{"line":5,"column":18}},"loc":{"start":{"line":5,"column":23},"end":{"line":126,"column":1}},"line":5},"1":{"name":"(anonymous_1)","decl":{"start":{"line":13,"column":12},"end":{"line":13,"column":13}},"loc":{"start":{"line":13,"column":18},"end":{"line":23,"column":3}},"line":13},"2":{"name":"(anonymous_2)","decl":{"start":{"line":25,"column":20},"end":{"line":25,"column":21}},"loc":{"start":{"line":25,"column":32},"end":{"line":40,"column":3}},"line":25},"3":{"name":"(anonymous_3)","decl":{"start":{"line":63,"column":24},"end":{"line":63,"column":25}},"loc":{"start":{"line":63,"column":31},"end":{"line":63,"column":62}},"line":63},"4":{"name":"(anonymous_4)","decl":{"start":{"line":76,"column":24},"end":{"line":76,"column":25}},"loc":{"start":{"line":76,"column":31},"end":{"line":76,"column":61}},"line":76},"5":{"name":"(anonymous_5)","decl":{"start":{"line":103,"column":22},"end":{"line":103,"column":23}},"loc":{"start":{"line":104,"column":14},"end":{"line":119,"column":19}},"line":104}},"branchMap":{"0":{"loc":{"start":{"line":14,"column":4},"end":{"line":22,"column":5}},"type":"if","locations":[{"start":{"line":14,"column":4},"end":{"line":22,"column":5}},{"start":{"line":16,"column":11},"end":{"line":22,"column":5}}],"line":14},"1":{"loc":{"start":{"line":14,"column":8},"end":{"line":14,"column":28}},"type":"binary-expr","locations":[{"start":{"line":14,"column":8},"end":{"line":14,"column":12}},{"start":{"line":14,"column":16},"end":{"line":14,"column":28}}],"line":14},"2":{"loc":{"start":{"line":16,"column":11},"end":{"line":22,"column":5}},"type":"if","locations":[{"start":{"line":16,"column":11},"end":{"line":22,"column":5}},{"start":{"line":19,"column":11},"end":{"line":22,"column":5}}],"line":16},"3":{"loc":{"start":{"line":30,"column":6},"end":{"line":30,"column":53}},"type":"if","locations":[{"start":{"line":30,"column":6},"end":{"line":30,"column":53}},{"start":{},"end":{}}],"line":30},"4":{"loc":{"start":{"line":31,"column":6},"end":{"line":31,"column":50}},"type":"if","locations":[{"start":{"line":31,"column":6},"end":{"line":31,"column":50}},{"start":{},"end":{}}],"line":31},"5":{"loc":{"start":{"line":36,"column":15},"end":{"line":36,"column":68}},"type":"binary-expr","locations":[{"start":{"line":36,"column":15},"end":{"line":36,"column":42}},{"start":{"line":36,"column":46},"end":{"line":36,"column":68}}],"line":36},"6":{"loc":{"start":{"line":42,"column":2},"end":{"line":42,"column":81}},"type":"if","locations":[{"start":{"line":42,"column":2},"end":{"line":42,"column":81}},{"start":{},"end":{}}],"line":42},"7":{"loc":{"start":{"line":43,"column":2},"end":{"line":43,"column":91}},"type":"if","locations":[{"start":{"line":43,"column":2},"end":{"line":43,"column":91}},{"start":{},"end":{}}],"line":43},"8":{"loc":{"start":{"line":44,"column":2},"end":{"line":44,"column":108}},"type":"if","locations":[{"start":{"line":44,"column":2},"end":{"line":44,"column":108}},{"start":{},"end":{}}],"line":44},"9":{"loc":{"start":{"line":44,"column":6},"end":{"line":44,"column":28}},"type":"binary-expr","locations":[{"start":{"line":44,"column":6},"end":{"line":44,"column":11}},{"start":{"line":44,"column":15},"end":{"line":44,"column":28}}],"line":44},"10":{"loc":{"start":{"line":109,"column":52},"end":{"line":109,"column":70}},"type":"binary-expr","locations":[{"start":{"line":109,"column":52},"end":{"line":109,"column":61}},{"start":{"line":109,"column":65},"end":{"line":109,"column":70}}],"line":109},"11":{"loc":{"start":{"line":111,"column":19},"end":{"line":117,"column":19}},"type":"cond-expr","locations":[{"start":{"line":112,"column":20},"end":{"line":114,"column":27}},{"start":{"line":116,"column":20},"end":{"line":116,"column":23}}],"line":111},"12":{"loc":{"start":{"line":113,"column":23},"end":{"line":113,"column":56}},"type":"binary-expr","locations":[{"start":{"line":113,"column":23},"end":{"line":113,"column":36}},{"start":{"line":113,"column":40},"end":{"line":113,"column":56}}],"line":113}},"s":{"0":0,"1":0,"2":0,"3":0,"4":0,"5":0,"6":0,"7":0,"8":0,"9":0,"10":0,"11":0,"12":0,"13":0,"14":0,"15":0,"16":0,"17":0,"18":0,"19":0,"20":0,"21":0,"22":0,"23":0,"24":0,"25":0,"26":0,"27":0,"28":0,"29":0,"30":0,"31":0,"32":0,"33":0,"34":0,"35":0,"36":0,"37":0},"f":{"0":0,"1":0,"2":0,"3":0,"4":0,"5":0},"b":{"0":[0,0],"1":[0,0],"2":[0,0],"3":[0,0],"4":[0,0],"5":[0,0],"6":[0,0],"7":[0,0],"8":[0,0],"9":[0,0],"10":[0,0],"11":[0,0],"12":[0,0]}}
,"E:\\grip--investment\\frontend\\src\\pages\\ProductDetailPage.js": {"path":"E:\\grip--investment\\frontend\\src\\pages\\ProductDetailPage.js","statementMap":{"0":{"start":{"line":5,"column":26},"end":{"line":95,"column":1}},"1":{"start":{"line":6,"column":17},"end":{"line":6,"column":28}},"2":{"start":{"line":7,"column":19},"end":{"line":7,"column":32}},"3":{"start":{"line":8,"column":32},"end":{"line":8,"column":46}},"4":{"start":{"line":9,"column":30},"end":{"line":9,"column":42}},"5":{"start":{"line":10,"column":32},"end":{"line":10,"column":46}},"6":{"start":{"line":11,"column":28},"end":{"line":11,"column":40}},"7":{"start":{"line":12,"column":32},"end":{"line":12,"column":44}},"8":{"start":{"line":14,"column":2},"end":{"line":27,"column":11}},"9":{"start":{"line":15,"column":25},"end":{"line":24,"column":5}},"10":{"start":{"line":16,"column":6},"end":{"line":23,"column":7}},"11":{"start":{"line":17,"column":20},"end":{"line":17,"column":52}},"12":{"start":{"line":18,"column":8},"end":{"line":18,"column":29}},"13":{"start":{"line":20,"column":8},"end":{"line":20,"column":83}},"14":{"start":{"line":22,"column":8},"end":{"line":22,"column":26}},"15":{"start":{"line":26,"column":4},"end":{"line":26,"column":19}},"16":{"start":{"line":29,"column":23},"end":{"line":42,"column":3}},"17":{"start":{"line":30,"column":4},"end":{"line":30,"column":23}},"18":{"start":{"line":31,"column":4},"end":{"line":31,"column":17}},"19":{"start":{"line":32,"column":4},"end":{"line":32,"column":19}},"20":{"start":{"line":33,"column":4},"end":{"line":41,"column":5}},"21":{"start":{"line":34,"column":6},"end":{"line":34,"column":84}},"22":{"start":{"line":35,"column":6},"end":{"line":35,"column":43}},"23":{"start":{"line":36,"column":6},"end":{"line":36,"column":20}},"24":{"start":{"line":38,"column":6},"end":{"line":38,"column":29}},"25":{"start":{"line":40,"column":6},"end":{"line":40,"column":67}},"26":{"start":{"line":44,"column":2},"end":{"line":44,"column":92}},"27":{"start":{"line":44,"column":15},"end":{"line":44,"column":92}},"28":{"start":{"line":45,"column":2},"end":{"line":45,"column":91}},"29":{"start":{"line":45,"column":13},"end":{"line":45,"column":91}},"30":{"start":{"line":46,"column":2},"end":{"line":46,"column":85}},"31":{"start":{"line":46,"column":16},"end":{"line":46,"column":85}},"32":{"start":{"line":48,"column":2},"end":{"line":94,"column":4}},"33":{"start":{"line":76,"column":31},"end":{"line":76,"column":56}}},"fnMap":{"0":{"name":"(anonymous_0)","decl":{"start":{"line":5,"column":26},"end":{"line":5,"column":27}},"loc":{"start":{"line":5,"column":32},"end":{"line":95,"column":1}},"line":5},"1":{"name":"(anonymous_1)","decl":{"start":{"line":14,"column":12},"end":{"line":14,"column":13}},"loc":{"start":{"line":14,"column":18},"end":{"line":27,"column":3}},"line":14},"2":{"name":"(anonymous_2)","decl":{"start":{"line":15,"column":25},"end":{"line":15,"column":26}},"loc":{"start":{"line":15,"column":37},"end":{"line":24,"column":5}},"line":15},"3":{"name":"(anonymous_3)","decl":{"start":{"line":29,"column":23},"end":{"line":29,"column":24}},"loc":{"start":{"line":29,"column":36},"end":{"line":42,"column":3}},"line":29},"4":{"name":"(anonymous_4)","decl":{"start":{"line":76,"column":24},"end":{"line":76,"column":25}},"loc":{"start":{"line":76,"column":31},"end":{"line":76,"column":56}},"line":76}},"branchMap":{"0":{"loc":{"start":{"line":20,"column":17},"end":{"line":20,"column":81}},"type":"binary-expr","locations":[{"start":{"line":20,"column":17},"end":{"line":20,"column":44}},{"start":{"line":20,"column":48},"end":{"line":20,"column":81}}],"line":20},"1":{"loc":{"start":{"line":40,"column":15},"end":{"line":40,"column":65}},"type":"binary-expr","locations":[{"start":{"line":40,"column":15},"end":{"line":40,"column":42}},{"start":{"line":40,"column":46},"end":{"line":40,"column":65}}],"line":40},"2":{"loc":{"start":{"line":44,"column":2},"end":{"line":44,"column":92}},"type":"if","locations":[{"start":{"line":44,"column":2},"end":{"line":44,"column":92}},{"start":{},"end":{}}],"line":44},"3":{"loc":{"start":{"line":45,"column":2},"end":{"line":45,"column":91}},"type":"if","locations":[{"start":{"line":45,"column":2},"end":{"line":45,"column":91}},{"start":{},"end":{}}],"line":45},"4":{"loc":{"start":{"line":46,"column":2},"end":{"line":46,"column":85}},"type":"if","locations":[{"start":{"line":46,"column":2},"end":{"line":46,"column":85}},{"start":{},"end":{}}],"line":46},"5":{"loc":{"start":{"line":57,"column":76},"end":{"line":57,"column":138}},"type":"cond-expr","locations":[{"start":{"line":57,"column":100},"end":{"line":57,"column":127}},{"start":{"line":57,"column":130},"end":{"line":57,"column":138}}],"line":57},"6":{"loc":{"start":{"line":63,"column":9},"end":{"line":63,"column":80}},"type":"binary-expr","locations":[{"start":{"line":63,"column":9},"end":{"line":63,"column":16}},{"start":{"line":63,"column":20},"end":{"line":63,"column":80}}],"line":63},"7":{"loc":{"start":{"line":64,"column":9},"end":{"line":64,"column":74}},"type":"binary-expr","locations":[{"start":{"line":64,"column":9},"end":{"line":64,"column":14}},{"start":{"line":64,"column":18},"end":{"line":64,"column":74}}],"line":64},"8":{"loc":{"start":{"line":77,"column":19},"end":{"line":77,"column":45}},"type":"binary-expr","locations":[{"start":{"line":77,"column":19},"end":{"line":77,"column":40}},{"start":{"line":77,"column":44},"end":{"line":77,"column":45}}],"line":77},"9":{"loc":{"start":{"line":78,"column":19},"end":{"line":78,"column":53}},"type":"binary-expr","locations":[{"start":{"line":78,"column":19},"end":{"line":78,"column":40}},{"start":{"line":78,"column":44},"end":{"line":78,"column":53}}],"line":78}},"s":{"0":0,"1":0,"2":0,"3":0,"4":0,"5":0,"6":0,"7":0,"8":0,"9":0,"10":0,"11":0,"12":0,"13":0,"14":0,"15":0,"16":0,"17":0,"18":0,"19":0,"20":0,"21":0,"22":0,"23":0,"24":0,"25":0,"26":0,"27":0,"28":0,"29":0,"30":0,"31":0,"32":0,"33":0},"f":{"0":0,"1":0,"2":0,"3":0,"4":0},"b":{"0":[0,0],"1":[0,0],"2":[0,0],"3":[0,0],"4":[0,0],"5":[0,0],"6":[0,0],"7":[0,0],"8":[0,0],"9":[0,0]}}
,"E:\\grip--investment\\frontend\\src\\pages\\ProductsPage.js": {"path":"E:\\grip--investment\\frontend\\src\\pages\\ProductsPage.js","statementMap":{"0":{"start":{"line":6,"column":21},"end":{"line":150,"column":1}},"1":{"start":{"line":7,"column":19},"end":{"line":7,"column":28}},"2":{"start":{"line":8,"column":34},"end":{"line":8,"column":46}},"3":{"start":{"line":9,"column":32},"end":{"line":9,"column":46}},"4":{"start":{"line":10,"column":28},"end":{"line":10,"column":40}},"5":{"start":{"line":11,"column":48},"end":{"line":11,"column":60}},"6":{"start":{"line":14,"column":38},"end":{"line":14,"column":50}},"7":{"start":{"line":15,"column":38},"end":{"line":15,"column":50}},"8":{"start":{"line":16,"column":36},"end":{"line":16,"column":48}},"9":{"start":{"line":18,"column":2},"end":{"line":31,"column":9}},"10":{"start":{"line":19,"column":26},"end":{"line":28,"column":5}},"11":{"start":{"line":20,"column":6},"end":{"line":27,"column":7}},"12":{"start":{"line":21,"column":20},"end":{"line":21,"column":46}},"13":{"start":{"line":22,"column":8},"end":{"line":22,"column":30}},"14":{"start":{"line":24,"column":8},"end":{"line":24,"column":76}},"15":{"start":{"line":26,"column":8},"end":{"line":26,"column":26}},"16":{"start":{"line":30,"column":4},"end":{"line":30,"column":20}},"17":{"start":{"line":33,"column":35},"end":{"line":44,"column":3}},"18":{"start":{"line":34,"column":4},"end":{"line":37,"column":5}},"19":{"start":{"line":35,"column":6},"end":{"line":35,"column":56}},"20":{"start":{"line":36,"column":6},"end":{"line":36,"column":13}},"21":{"start":{"line":38,"column":4},"end":{"line":43,"column":5}},"22":{"start":{"line":39,"column":18},"end":{"line":39,"column":60}},"23":{"start":{"line":40,"column":6},"end":{"line":40,"column":51}},"24":{"start":{"line":42,"column":6},"end":{"line":42,"column":79}},"25":{"start":{"line":46,"column":36},"end":{"line":57,"column":6}},"26":{"start":{"line":48,"column":24},"end":{"line":48,"column":81}},"27":{"start":{"line":49,"column":24},"end":{"line":49,"column":76}},"28":{"start":{"line":50,"column":6},"end":{"line":50,"column":36}},"29":{"start":{"line":53,"column":6},"end":{"line":53,"column":31}},"30":{"start":{"line":53,"column":22},"end":{"line":53,"column":31}},"31":{"start":{"line":54,"column":21},"end":{"line":54,"column":46}},"32":{"start":{"line":55,"column":21},"end":{"line":55,"column":46}},"33":{"start":{"line":56,"column":6},"end":{"line":56,"column":69}},"34":{"start":{"line":59,"column":2},"end":{"line":59,"column":85}},"35":{"start":{"line":59,"column":15},"end":{"line":59,"column":85}},"36":{"start":{"line":60,"column":2},"end":{"line":60,"column":91}},"37":{"start":{"line":60,"column":13},"end":{"line":60,"column":91}},"38":{"start":{"line":62,"column":2},"end":{"line":149,"column":4}},"39":{"start":{"line":80,"column":14},"end":{"line":92,"column":20}},"40":{"start":{"line":102,"column":68},"end":{"line":102,"column":97}},"41":{"start":{"line":113,"column":68},"end":{"line":113,"column":97}},"42":{"start":{"line":122,"column":66},"end":{"line":122,"column":94}},"43":{"start":{"line":132,"column":10},"end":{"line":145,"column":16}}},"fnMap":{"0":{"name":"(anonymous_0)","decl":{"start":{"line":6,"column":21},"end":{"line":6,"column":22}},"loc":{"start":{"line":6,"column":27},"end":{"line":150,"column":1}},"line":6},"1":{"name":"(anonymous_1)","decl":{"start":{"line":18,"column":12},"end":{"line":18,"column":13}},"loc":{"start":{"line":18,"column":18},"end":{"line":31,"column":3}},"line":18},"2":{"name":"(anonymous_2)","decl":{"start":{"line":19,"column":26},"end":{"line":19,"column":27}},"loc":{"start":{"line":19,"column":38},"end":{"line":28,"column":5}},"line":19},"3":{"name":"(anonymous_3)","decl":{"start":{"line":33,"column":35},"end":{"line":33,"column":36}},"loc":{"start":{"line":33,"column":47},"end":{"line":44,"column":3}},"line":33},"4":{"name":"(anonymous_4)","decl":{"start":{"line":47,"column":12},"end":{"line":47,"column":13}},"loc":{"start":{"line":47,"column":23},"end":{"line":51,"column":5}},"line":47},"5":{"name":"(anonymous_5)","decl":{"start":{"line":52,"column":10},"end":{"line":52,"column":11}},"loc":{"start":{"line":52,"column":20},"end":{"line":57,"column":5}},"line":52},"6":{"name":"(anonymous_6)","decl":{"start":{"line":79,"column":33},"end":{"line":79,"column":34}},"loc":{"start":{"line":80,"column":14},"end":{"line":92,"column":20}},"line":80},"7":{"name":"(anonymous_7)","decl":{"start":{"line":102,"column":63},"end":{"line":102,"column":64}},"loc":{"start":{"line":102,"column":68},"end":{"line":102,"column":97}},"line":102},"8":{"name":"(anonymous_8)","decl":{"start":{"line":113,"column":63},"end":{"line":113,"column":64}},"loc":{"start":{"line":113,"column":68},"end":{"line":113,"column":97}},"line":113},"9":{"name":"(anonymous_9)","decl":{"start":{"line":122,"column":61},"end":{"line":122,"column":62}},"loc":{"start":{"line":122,"column":66},"end":{"line":122,"column":94}},"line":122},"10":{"name":"(anonymous_10)","decl":{"start":{"line":131,"column":39},"end":{"line":131,"column":40}},"loc":{"start":{"line":132,"column":10},"end":{"line":145,"column":16}},"line":132}},"branchMap":{"0":{"loc":{"start":{"line":24,"column":17},"end":{"line":24,"column":74}},"type":"binary-expr","locations":[{"start":{"line":24,"column":17},"end":{"line":24,"column":44}},{"start":{"line":24,"column":48},"end":{"line":24,"column":74}}],"line":24},"1":{"loc":{"start":{"line":34,"column":4},"end":{"line":37,"column":5}},"type":"if","locations":[{"start":{"line":34,"column":4},"end":{"line":37,"column":5}},{"start":{},"end":{}}],"line":34},"2":{"loc":{"start":{"line":42,"column":15},"end":{"line":42,"column":77}},"type":"binary-expr","locations":[{"start":{"line":42,"column":15},"end":{"line":42,"column":42}},{"start":{"line":42,"column":46},"end":{"line":42,"column":77}}],"line":42},"3":{"loc":{"start":{"line":48,"column":24},"end":{"line":48,"column":81}},"type":"cond-expr","locations":[{"start":{"line":48,"column":37},"end":{"line":48,"column":74}},{"start":{"line":48,"column":77},"end":{"line":48,"column":81}}],"line":48},"4":{"loc":{"start":{"line":49,"column":24},"end":{"line":49,"column":76}},"type":"cond-expr","locations":[{"start":{"line":49,"column":37},"end":{"line":49,"column":69}},{"start":{"line":49,"column":72},"end":{"line":49,"column":76}}],"line":49},"5":{"loc":{"start":{"line":50,"column":13},"end":{"line":50,"column":35}},"type":"binary-expr","locations":[{"start":{"line":50,"column":13},"end":{"line":50,"column":22}},{"start":{"line":50,"column":26},"end":{"line":50,"column":35}}],"line":50},"6":{"loc":{"start":{"line":53,"column":6},"end":{"line":53,"column":31}},"type":"if","locations":[{"start":{"line":53,"column":6},"end":{"line":53,"column":31}},{"start":{},"end":{}}],"line":53},"7":{"loc":{"start":{"line":56,"column":13},"end":{"line":56,"column":68}},"type":"cond-expr","locations":[{"start":{"line":56,"column":35},"end":{"line":56,"column":50}},{"start":{"line":56,"column":53},"end":{"line":56,"column":68}}],"line":56},"8":{"loc":{"start":{"line":59,"column":2},"end":{"line":59,"column":85}},"type":"if","locations":[{"start":{"line":59,"column":2},"end":{"line":59,"column":85}},{"start":{},"end":{}}],"line":59},"9":{"loc":{"start":{"line":60,"column":2},"end":{"line":60,"column":91}},"type":"if","locations":[{"start":{"line":60,"column":2},"end":{"line":60,"column":91}},{"start":{},"end":{}}],"line":60},"10":{"loc":{"start":{"line":75,"column":7},"end":{"line":96,"column":7}},"type":"binary-expr","locations":[{"start":{"line":75,"column":7},"end":{"line":75,"column":33}},{"start":{"line":76,"column":8},"end":{"line":95,"column":14}}],"line":75},"11":{"loc":{"start":{"line":84,"column":17},"end":{"line":91,"column":17}},"type":"binary-expr","locations":[{"start":{"line":84,"column":17},"end":{"line":84,"column":30}},{"start":{"line":85,"column":18},"end":{"line":90,"column":25}}],"line":84}},"s":{"0":0,"1":0,"2":0,"3":0,"4":0,"5":0,"6":0,"7":0,"8":0,"9":0,"10":0,"11":0,"12":0,"13":0,"14":0,"15":0,"16":0,"17":0,"18":0,"19":0,"20":0,"21":0,"22":0,"23":0,"24":0,"25":0,"26":0,"27":0,"28":0,"29":0,"30":0,"31":0,"32":0,"33":0,"34":0,"35":0,"36":0,"37":0,"38":0,"39":0,"40":0,"41":0,"42":0,"43":0},"f":{"0":0,"1":0,"2":0,"3":0,"4":0,"5":0,"6":0,"7":0,"8":0,"9":0,"10":0},"b":{"0":[0,0],"1":[0,0],"2":[0,0],"3":[0,0],"4":[0,0],"5":[0,0],"6":[0,0],"7":[0,0],"8":[0,0],"9":[0,0],"10":[0,0],"11":[0,0]}}
,"E:\\grip--investment\\frontend\\src\\pages\\ProfilePage.js": {"path":"E:\\grip--investment\\frontend\\src\\pages\\ProfilePage.js","statementMap":{"0":{"start":{"line":5,"column":20},"end":{"line":130,"column":1}},"1":{"start":{"line":6,"column":26},"end":{"line":6,"column":40}},"2":{"start":{"line":7,"column":32},"end":{"line":7,"column":46}},"3":{"start":{"line":8,"column":28},"end":{"line":8,"column":40}},"4":{"start":{"line":9,"column":32},"end":{"line":9,"column":44}},"5":{"start":{"line":10,"column":48},"end":{"line":10,"column":60}},"6":{"start":{"line":13,"column":42},"end":{"line":13,"column":54}},"7":{"start":{"line":15,"column":2},"end":{"line":17,"column":9}},"8":{"start":{"line":16,"column":4},"end":{"line":16,"column":23}},"9":{"start":{"line":19,"column":27},"end":{"line":29,"column":3}},"10":{"start":{"line":20,"column":4},"end":{"line":28,"column":5}},"11":{"start":{"line":21,"column":18},"end":{"line":21,"column":36}},"12":{"start":{"line":22,"column":6},"end":{"line":22,"column":24}},"13":{"start":{"line":23,"column":6},"end":{"line":23,"column":45}},"14":{"start":{"line":25,"column":6},"end":{"line":25,"column":73}},"15":{"start":{"line":27,"column":6},"end":{"line":27,"column":24}},"16":{"start":{"line":31,"column":30},"end":{"line":42,"column":3}},"17":{"start":{"line":32,"column":4},"end":{"line":32,"column":23}},"18":{"start":{"line":33,"column":4},"end":{"line":33,"column":17}},"19":{"start":{"line":34,"column":4},"end":{"line":34,"column":19}},"20":{"start":{"line":35,"column":4},"end":{"line":41,"column":5}},"21":{"start":{"line":36,"column":18},"end":{"line":36,"column":55}},"22":{"start":{"line":37,"column":6},"end":{"line":37,"column":24}},"23":{"start":{"line":38,"column":6},"end":{"line":38,"column":50}},"24":{"start":{"line":40,"column":6},"end":{"line":40,"column":74}},"25":{"start":{"line":44,"column":35},"end":{"line":53,"column":3}},"26":{"start":{"line":45,"column":4},"end":{"line":45,"column":17}},"27":{"start":{"line":46,"column":4},"end":{"line":46,"column":27}},"28":{"start":{"line":47,"column":4},"end":{"line":52,"column":5}},"29":{"start":{"line":48,"column":18},"end":{"line":48,"column":51}},"30":{"start":{"line":49,"column":6},"end":{"line":49,"column":51}},"31":{"start":{"line":51,"column":6},"end":{"line":51,"column":79}},"32":{"start":{"line":55,"column":2},"end":{"line":55,"column":84}},"33":{"start":{"line":55,"column":15},"end":{"line":55,"column":84}},"34":{"start":{"line":56,"column":2},"end":{"line":56,"column":100}},"35":{"start":{"line":56,"column":22},"end":{"line":56,"column":100}},"36":{"start":{"line":58,"column":2},"end":{"line":129,"column":4}},"37":{"start":{"line":85,"column":33},"end":{"line":85,"column":64}},"38":{"start":{"line":116,"column":16},"end":{"line":120,"column":22}}},"fnMap":{"0":{"name":"(anonymous_0)","decl":{"start":{"line":5,"column":20},"end":{"line":5,"column":21}},"loc":{"start":{"line":5,"column":26},"end":{"line":130,"column":1}},"line":5},"1":{"name":"(anonymous_1)","decl":{"start":{"line":15,"column":12},"end":{"line":15,"column":13}},"loc":{"start":{"line":15,"column":18},"end":{"line":17,"column":3}},"line":15},"2":{"name":"(anonymous_2)","decl":{"start":{"line":19,"column":27},"end":{"line":19,"column":28}},"loc":{"start":{"line":19,"column":39},"end":{"line":29,"column":3}},"line":19},"3":{"name":"(anonymous_3)","decl":{"start":{"line":31,"column":30},"end":{"line":31,"column":31}},"loc":{"start":{"line":31,"column":43},"end":{"line":42,"column":3}},"line":31},"4":{"name":"(anonymous_4)","decl":{"start":{"line":44,"column":35},"end":{"line":44,"column":36}},"loc":{"start":{"line":44,"column":47},"end":{"line":53,"column":3}},"line":44},"5":{"name":"(anonymous_5)","decl":{"start":{"line":85,"column":26},"end":{"line":85,"column":27}},"loc":{"start":{"line":85,"column":33},"end":{"line":85,"column":64}},"line":85},"6":{"name":"(anonymous_6)","decl":{"start":{"line":115,"column":35},"end":{"line":115,"column":36}},"loc":{"start":{"line":116,"column":16},"end":{"line":120,"column":22}},"line":116}},"branchMap":{"0":{"loc":{"start":{"line":25,"column":15},"end":{"line":25,"column":71}},"type":"binary-expr","locations":[{"start":{"line":25,"column":15},"end":{"line":25,"column":42}},{"start":{"line":25,"column":46},"end":{"line":25,"column":71}}],"line":25},"1":{"loc":{"start":{"line":40,"column":15},"end":{"line":40,"column":72}},"type":"binary-expr","locations":[{"start":{"line":40,"column":15},"end":{"line":40,"column":42}},{"start":{"line":40,"column":46},"end":{"line":40,"column":72}}],"line":40},"2":{"loc":{"start":{"line":51,"column":15},"end":{"line":51,"column":77}},"type":"binary-expr","locations":[{"start":{"line":51,"column":15},"end":{"line":51,"column":42}},{"start":{"line":51,"column":46},"end":{"line":51,"column":77}}],"line":51},"3":{"loc":{"start":{"line":55,"column":2},"end":{"line":55,"column":84}},"type":"if","locations":[{"start":{"line":55,"column":2},"end":{"line":55,"column":84}},{"start":{},"end":{}}],"line":55},"4":{"loc":{"start":{"line":56,"column":2},"end":{"line":56,"column":100}},"type":"if","locations":[{"start":{"line":56,"column":2},"end":{"line":56,"column":100}},{"start":{},"end":{}}],"line":56},"5":{"loc":{"start":{"line":56,"column":6},"end":{"line":56,"column":20}},"type":"binary-expr","locations":[{"start":{"line":56,"column":6},"end":{"line":56,"column":11}},{"start":{"line":56,"column":15},"end":{"line":56,"column":20}}],"line":56},"6":{"loc":{"start":{"line":66,"column":11},"end":{"line":73,"column":11}},"type":"binary-expr","locations":[{"start":{"line":66,"column":11},"end":{"line":66,"column":15}},{"start":{"line":67,"column":12},"end":{"line":72,"column":18}}],"line":66},"7":{"loc":{"start":{"line":77,"column":13},"end":{"line":77,"column":66}},"type":"binary-expr","locations":[{"start":{"line":77,"column":13},"end":{"line":77,"column":18}},{"start":{"line":77,"column":22},"end":{"line":77,"column":66}}],"line":77},"8":{"loc":{"start":{"line":78,"column":13},"end":{"line":78,"column":72}},"type":"binary-expr","locations":[{"start":{"line":78,"column":13},"end":{"line":78,"column":20}},{"start":{"line":78,"column":24},"end":{"line":78,"column":72}}],"line":78},"9":{"loc":{"start":{"line":113,"column":11},"end":{"line":125,"column":11}},"type":"cond-expr","locations":[{"start":{"line":114,"column":12},"end":{"line":122,"column":18}},{"start":{"line":124,"column":12},"end":{"line":124,"column":113}}],"line":113}},"s":{"0":0,"1":0,"2":0,"3":0,"4":0,"5":0,"6":0,"7":0,"8":0,"9":0,"10":0,"11":0,"12":0,"13":0,"14":0,"15":0,"16":0,"17":0,"18":0,"19":0,"20":0,"21":0,"22":0,"23":0,"24":0,"25":0,"26":0,"27":0,"28":0,"29":0,"30":0,"31":0,"32":0,"33":0,"34":0,"35":0,"36":0,"37":0,"38":0},"f":{"0":0,"1":0,"2":0,"3":0,"4":0,"5":0,"6":0},"b":{"0":[0,0],"1":[0,0],"2":[0,0],"3":[0,0],"4":[0,0],"5":[0,0],"6":[0,0],"7":[0,0],"8":[0,0],"9":[0,0]}}
,"E:\\grip--investment\\frontend\\src\\pages\\ResetPasswordPage.js": {"path":"E:\\grip--investment\\frontend\\src\\pages\\ResetPasswordPage.js","statementMap":{"0":{"start":{"line":5,"column":26},"end":{"line":93,"column":1}},"1":{"start":{"line":6,"column":25},"end":{"line":6,"column":42}},"2":{"start":{"line":7,"column":24},"end":{"line":7,"column":36}},"3":{"start":{"line":8,"column":34},"end":{"line":8,"column":46}},"4":{"start":{"line":9,"column":48},"end":{"line":9,"column":60}},"5":{"start":{"line":10,"column":32},"end":{"line":10,"column":44}},"6":{"start":{"line":11,"column":28},"end":{"line":11,"column":40}},"7":{"start":{"line":12,"column":19},"end":{"line":12,"column":32}},"8":{"start":{"line":13,"column":16},"end":{"line":13,"column":41}},"9":{"start":{"line":15,"column":23},"end":{"line":30,"column":3}},"10":{"start":{"line":16,"column":4},"end":{"line":16,"column":23}},"11":{"start":{"line":17,"column":4},"end":{"line":20,"column":5}},"12":{"start":{"line":18,"column":6},"end":{"line":18,"column":41}},"13":{"start":{"line":19,"column":6},"end":{"line":19,"column":13}},"14":{"start":{"line":21,"column":4},"end":{"line":21,"column":17}},"15":{"start":{"line":22,"column":4},"end":{"line":22,"column":19}},"16":{"start":{"line":23,"column":4},"end":{"line":29,"column":5}},"17":{"start":{"line":24,"column":18},"end":{"line":24,"column":63}},"18":{"start":{"line":25,"column":6},"end":{"line":25,"column":35}},"19":{"start":{"line":26,"column":6},"end":{"line":26,"column":49}},"20":{"start":{"line":26,"column":23},"end":{"line":26,"column":41}},"21":{"start":{"line":28,"column":6},"end":{"line":28,"column":67}},"22":{"start":{"line":32,"column":2},"end":{"line":92,"column":4}},"23":{"start":{"line":49,"column":31},"end":{"line":49,"column":53}},"24":{"start":{"line":63,"column":31},"end":{"line":63,"column":58}},"25":{"start":{"line":77,"column":31},"end":{"line":77,"column":65}}},"fnMap":{"0":{"name":"(anonymous_0)","decl":{"start":{"line":5,"column":26},"end":{"line":5,"column":27}},"loc":{"start":{"line":5,"column":32},"end":{"line":93,"column":1}},"line":5},"1":{"name":"(anonymous_1)","decl":{"start":{"line":15,"column":23},"end":{"line":15,"column":24}},"loc":{"start":{"line":15,"column":36},"end":{"line":30,"column":3}},"line":15},"2":{"name":"(anonymous_2)","decl":{"start":{"line":26,"column":17},"end":{"line":26,"column":18}},"loc":{"start":{"line":26,"column":23},"end":{"line":26,"column":41}},"line":26},"3":{"name":"(anonymous_3)","decl":{"start":{"line":49,"column":24},"end":{"line":49,"column":25}},"loc":{"start":{"line":49,"column":31},"end":{"line":49,"column":53}},"line":49},"4":{"name":"(anonymous_4)","decl":{"start":{"line":63,"column":24},"end":{"line":63,"column":25}},"loc":{"start":{"line":63,"column":31},"end":{"line":63,"column":58}},"line":63},"5":{"name":"(anonymous_5)","decl":{"start":{"line":77,"column":24},"end":{"line":77,"column":25}},"loc":{"start":{"line":77,"column":31},"end":{"line":77,"column":65}},"line":77}},"branchMap":{"0":{"loc":{"start":{"line":17,"column":4},"end":{"line":20,"column":5}},"type":"if","locations":[{"start":{"line":17,"column":4},"end":{"line":20,"column":5}},{"start":{},"end":{}}],"line":17},"1":{"loc":{"start":{"line":28,"column":15},"end":{"line":28,"column":65}},"type":"binary-expr","locations":[{"start":{"line":28,"column":15},"end":{"line":28,"column":42}},{"start":{"line":28,"column":46},"end":{"line":28,"column":65}}],"line":28},"2":{"loc":{"start":{"line":36,"column":9},"end":{"line":36,"column":80}},"type":"binary-expr","locations":[{"start":{"line":36,"column":9},"end":{"line":36,"column":16}},{"start":{"line":36,"column":20},"end":{"line":36,"column":80}}],"line":36},"3":{"loc":{"start":{"line":37,"column":9},"end":{"line":37,"column":74}},"type":"binary-expr","locations":[{"start":{"line":37,"column":9},"end":{"line":37,"column":14}},{"start":{"line":37,"column":18},"end":{"line":37,"column":74}}],"line":37}},"s":{"0":0,"1":0,"2":0,"3":0,"4":0,"5":0,"6":0,"7":0,"8":0,"9":0,"10":0,"11":0,"12":0,"13":0,"14":0,"15":0,"16":0,"17":0,"18":0,"19":0,"20":0,"21":0,"22":0,"23":0,"24":0,"25":0},"f":{"0":0,"1":0,"2":0,"3":0,"4":0,"5":0},"b":{"0":[0,0],"1":[0,0],"2":[0,0],"3":[0,0]}}
,"E:\\grip--investment\\frontend\\src\\pages\\SignupPage.js": {"path":"E:\\grip--investment\\frontend\\src\\pages\\SignupPage.js","statementMap":{"0":{"start":{"line":6,"column":19},"end":{"line":164,"column":1}},"1":{"start":{"line":7,"column":36},"end":{"line":7,"column":48}},"2":{"start":{"line":8,"column":34},"end":{"line":8,"column":46}},"3":{"start":{"line":9,"column":28},"end":{"line":9,"column":40}},"4":{"start":{"line":10,"column":34},"end":{"line":10,"column":46}},"5":{"start":{"line":11,"column":42},"end":{"line":11,"column":57}},"6":{"start":{"line":12,"column":42},"end":{"line":12,"column":62}},"7":{"start":{"line":13,"column":28},"end":{"line":13,"column":40}},"8":{"start":{"line":14,"column":50},"end":{"line":14,"column":62}},"9":{"start":{"line":15,"column":19},"end":{"line":15,"column":32}},"10":{"start":{"line":16,"column":31},"end":{"line":16,"column":40}},"11":{"start":{"line":18,"column":27},"end":{"line":25,"column":3}},"12":{"start":{"line":19,"column":4},"end":{"line":19,"column":42}},"13":{"start":{"line":19,"column":19},"end":{"line":19,"column":42}},"14":{"start":{"line":20,"column":30},"end":{"line":20,"column":52}},"15":{"start":{"line":21,"column":4},"end":{"line":21,"column":80}},"16":{"start":{"line":21,"column":44},"end":{"line":21,"column":80}},"17":{"start":{"line":22,"column":4},"end":{"line":22,"column":85}},"18":{"start":{"line":22,"column":46},"end":{"line":22,"column":85}},"19":{"start":{"line":23,"column":4},"end":{"line":23,"column":84}},"20":{"start":{"line":23,"column":46},"end":{"line":23,"column":84}},"21":{"start":{"line":24,"column":4},"end":{"line":24,"column":27}},"22":{"start":{"line":28,"column":2},"end":{"line":45,"column":17}},"23":{"start":{"line":29,"column":20},"end":{"line":40,"column":11}},"24":{"start":{"line":30,"column":6},"end":{"line":39,"column":7}},"25":{"start":{"line":31,"column":8},"end":{"line":36,"column":9}},"26":{"start":{"line":32,"column":22},"end":{"line":32,"column":59}},"27":{"start":{"line":33,"column":10},"end":{"line":33,"column":49}},"28":{"start":{"line":35,"column":10},"end":{"line":35,"column":59}},"29":{"start":{"line":38,"column":8},"end":{"line":38,"column":32}},"30":{"start":{"line":42,"column":4},"end":{"line":44,"column":6}},"31":{"start":{"line":43,"column":6},"end":{"line":43,"column":28}},"32":{"start":{"line":47,"column":23},"end":{"line":57,"column":3}},"33":{"start":{"line":48,"column":4},"end":{"line":48,"column":23}},"34":{"start":{"line":49,"column":4},"end":{"line":49,"column":17}},"35":{"start":{"line":50,"column":4},"end":{"line":56,"column":5}},"36":{"start":{"line":51,"column":18},"end":{"line":51,"column":86}},"37":{"start":{"line":52,"column":6},"end":{"line":52,"column":32}},"38":{"start":{"line":53,"column":6},"end":{"line":53,"column":29}},"39":{"start":{"line":55,"column":6},"end":{"line":55,"column":63}},"40":{"start":{"line":59,"column":2},"end":{"line":163,"column":4}},"41":{"start":{"line":75,"column":31},"end":{"line":75,"column":59}},"42":{"start":{"line":88,"column":31},"end":{"line":88,"column":58}},"43":{"start":{"line":101,"column":31},"end":{"line":101,"column":55}},"44":{"start":{"line":116,"column":33},"end":{"line":116,"column":60}},"45":{"start":{"line":122,"column":31},"end":{"line":122,"column":61}},"46":{"start":{"line":139,"column":31},"end":{"line":139,"column":62}}},"fnMap":{"0":{"name":"(anonymous_0)","decl":{"start":{"line":6,"column":19},"end":{"line":6,"column":20}},"loc":{"start":{"line":6,"column":25},"end":{"line":164,"column":1}},"line":6},"1":{"name":"(anonymous_1)","decl":{"start":{"line":18,"column":27},"end":{"line":18,"column":28}},"loc":{"start":{"line":18,"column":41},"end":{"line":25,"column":3}},"line":18},"2":{"name":"(anonymous_2)","decl":{"start":{"line":28,"column":12},"end":{"line":28,"column":13}},"loc":{"start":{"line":28,"column":18},"end":{"line":45,"column":3}},"line":28},"3":{"name":"(anonymous_3)","decl":{"start":{"line":29,"column":31},"end":{"line":29,"column":32}},"loc":{"start":{"line":29,"column":43},"end":{"line":40,"column":5}},"line":29},"4":{"name":"(anonymous_4)","decl":{"start":{"line":42,"column":11},"end":{"line":42,"column":12}},"loc":{"start":{"line":42,"column":17},"end":{"line":44,"column":5}},"line":42},"5":{"name":"(anonymous_5)","decl":{"start":{"line":47,"column":23},"end":{"line":47,"column":24}},"loc":{"start":{"line":47,"column":36},"end":{"line":57,"column":3}},"line":47},"6":{"name":"(anonymous_6)","decl":{"start":{"line":75,"column":24},"end":{"line":75,"column":25}},"loc":{"start":{"line":75,"column":31},"end":{"line":75,"column":59}},"line":75},"7":{"name":"(anonymous_7)","decl":{"start":{"line":88,"column":24},"end":{"line":88,"column":25}},"loc":{"start":{"line":88,"column":31},"end":{"line":88,"column":58}},"line":88},"8":{"name":"(anonymous_8)","decl":{"start":{"line":101,"column":24},"end":{"line":101,"column":25}},"loc":{"start":{"line":101,"column":31},"end":{"line":101,"column":55}},"line":101},"9":{"name":"(anonymous_9)","decl":{"start":{"line":116,"column":26},"end":{"line":116,"column":27}},"loc":{"start":{"line":116,"column":33},"end":{"line":116,"column":60}},"line":116},"10":{"name":"(anonymous_10)","decl":{"start":{"line":122,"column":25},"end":{"line":122,"column":26}},"loc":{"start":{"line":122,"column":31},"end":{"line":122,"column":61}},"line":122},"11":{"name":"(anonymous_11)","decl":{"start":{"line":139,"column":24},"end":{"line":139,"column":25}},"loc":{"start":{"line":139,"column":31},"end":{"line":139,"column":62}},"line":139}},"branchMap":{"0":{"loc":{"start":{"line":19,"column":4},"end":{"line":19,"column":42}},"type":"if","locations":[{"start":{"line":19,"column":4},"end":{"line":19,"column":42}},{"start":{},"end":{}}],"line":19},"1":{"loc":{"start":{"line":21,"column":4},"end":{"line":21,"column":80}},"type":"if","locations":[{"start":{"line":21,"column":4},"end":{"line":21,"column":80}},{"start":{},"end":{}}],"line":21},"2":{"loc":{"start":{"line":22,"column":4},"end":{"line":22,"column":85}},"type":"if","locations":[{"start":{"line":22,"column":4},"end":{"line":22,"column":85}},{"start":{},"end":{}}],"line":22},"3":{"loc":{"start":{"line":23,"column":4},"end":{"line":23,"column":84}},"type":"if","locations":[{"start":{"line":23,"column":4},"end":{"line":23,"column":84}},{"start":{},"end":{}}],"line":23},"4":{"loc":{"start":{"line":30,"column":6},"end":{"line":39,"column":7}},"type":"if","locations":[{"start":{"line":30,"column":6},"end":{"line":39,"column":7}},{"start":{"line":37,"column":13},"end":{"line":39,"column":7}}],"line":30},"5":{"loc":{"start":{"line":55,"column":15},"end":{"line":55,"column":61}},"type":"binary-expr","locations":[{"start":{"line":55,"column":15},"end":{"line":55,"column":42}},{"start":{"line":55,"column":46},"end":{"line":55,"column":61}}],"line":55},"6":{"loc":{"start":{"line":63,"column":9},"end":{"line":63,"column":74}},"type":"binary-expr","locations":[{"start":{"line":63,"column":9},"end":{"line":63,"column":14}},{"start":{"line":63,"column":18},"end":{"line":63,"column":74}}],"line":63},"7":{"loc":{"start":{"line":111,"column":22},"end":{"line":111,"column":56}},"type":"cond-expr","locations":[{"start":{"line":111,"column":37},"end":{"line":111,"column":43}},{"start":{"line":111,"column":46},"end":{"line":111,"column":56}}],"line":111},"8":{"loc":{"start":{"line":124,"column":17},"end":{"line":124,"column":47}},"type":"cond-expr","locations":[{"start":{"line":124,"column":32},"end":{"line":124,"column":38}},{"start":{"line":124,"column":41},"end":{"line":124,"column":47}}],"line":124},"9":{"loc":{"start":{"line":127,"column":13},"end":{"line":129,"column":13}},"type":"binary-expr","locations":[{"start":{"line":127,"column":13},"end":{"line":127,"column":29}},{"start":{"line":128,"column":14},"end":{"line":128,"column":104}}],"line":127}},"s":{"0":0,"1":0,"2":0,"3":0,"4":0,"5":0,"6":0,"7":0,"8":0,"9":0,"10":0,"11":0,"12":0,"13":0,"14":0,"15":0,"16":0,"17":0,"18":0,"19":0,"20":0,"21":0,"22":0,"23":0,"24":0,"25":0,"26":0,"27":0,"28":0,"29":0,"30":0,"31":0,"32":0,"33":0,"34":0,"35":0,"36":0,"37":0,"38":0,"39":0,"40":0,"41":0,"42":0,"43":0,"44":0,"45":0,"46":0},"f":{"0":0,"1":0,"2":0,"3":0,"4":0,"5":0,"6":0,"7":0,"8":0,"9":0,"10":0,"11":0},"b":{"0":[0,0],"1":[0,0],"2":[0,0],"3":[0,0],"4":[0,0],"5":[0,0],"6":[0,0],"7":[0,0],"8":[0,0],"9":[0,0]}}
}
