{"E:\\grip--investment\\backend\\src\\index.js": {"path":"E:\\grip--investment\\backend\\src\\index.js","statementMap":{"0":{"start":{"line":2,"column":16},"end":{"line":2,"column":34}},"1":{"start":{"line":3,"column":13},"end":{"line":3,"column":28}},"2":{"start":{"line":4,"column":15},"end":{"line":4,"column":32}},"3":{"start":{"line":6,"column":11},"end":{"line":6,"column":30}},"4":{"start":{"line":9,"column":0},"end":{"line":9,"column":16}},"5":{"start":{"line":11,"column":12},"end":{"line":11,"column":21}},"6":{"start":{"line":12,"column":13},"end":{"line":12,"column":37}},"7":{"start":{"line":15,"column":0},"end":{"line":15,"column":16}},"8":{"start":{"line":16,"column":0},"end":{"line":16,"column":24}},"9":{"start":{"line":19,"column":27},"end":{"line":19,"column":81}},"10":{"start":{"line":20,"column":0},"end":{"line":20,"column":24}},"11":{"start":{"line":23,"column":0},"end":{"line":39,"column":3}},"12":{"start":{"line":24,"column":4},"end":{"line":38,"column":5}},"13":{"start":{"line":25,"column":8},"end":{"line":25,"column":42}},"14":{"start":{"line":26,"column":8},"end":{"line":30,"column":11}},"15":{"start":{"line":32,"column":8},"end":{"line":37,"column":11}},"16":{"start":{"line":42,"column":19},"end":{"line":42,"column":54}},"17":{"start":{"line":43,"column":22},"end":{"line":43,"column":60}},"18":{"start":{"line":44,"column":25},"end":{"line":44,"column":66}},"19":{"start":{"line":45,"column":18},"end":{"line":45,"column":52}},"20":{"start":{"line":46,"column":19},"end":{"line":46,"column":54}},"21":{"start":{"line":48,"column":0},"end":{"line":48,"column":33}},"22":{"start":{"line":49,"column":0},"end":{"line":49,"column":40}},"23":{"start":{"line":50,"column":0},"end":{"line":50,"column":46}},"24":{"start":{"line":51,"column":0},"end":{"line":51,"column":32}},"25":{"start":{"line":52,"column":0},"end":{"line":52,"column":34}},"26":{"start":{"line":55,"column":0},"end":{"line":57,"column":3}},"27":{"start":{"line":56,"column":4},"end":{"line":56,"column":50}},"28":{"start":{"line":59,"column":0},"end":{"line":63,"column":3}},"29":{"start":{"line":60,"column":2},"end":{"line":62,"column":5}},"30":{"start":{"line":61,"column":4},"end":{"line":61,"column":65}},"31":{"start":{"line":65,"column":0},"end":{"line":65,"column":21}}},"fnMap":{"0":{"name":"(anonymous_0)","decl":{"start":{"line":23,"column":19},"end":{"line":23,"column":20}},"loc":{"start":{"line":23,"column":39},"end":{"line":39,"column":1}},"line":23},"1":{"name":"(anonymous_1)","decl":{"start":{"line":55,"column":13},"end":{"line":55,"column":14}},"loc":{"start":{"line":55,"column":27},"end":{"line":57,"column":1}},"line":55},"2":{"name":"(anonymous_2)","decl":{"start":{"line":59,"column":40},"end":{"line":59,"column":41}},"loc":{"start":{"line":59,"column":46},"end":{"line":63,"column":1}},"line":59},"3":{"name":"(anonymous_3)","decl":{"start":{"line":60,"column":19},"end":{"line":60,"column":20}},"loc":{"start":{"line":60,"column":25},"end":{"line":62,"column":3}},"line":60}},"branchMap":{"0":{"loc":{"start":{"line":12,"column":13},"end":{"line":12,"column":37}},"type":"binary-expr","locations":[{"start":{"line":12,"column":13},"end":{"line":12,"column":29}},{"start":{"line":12,"column":33},"end":{"line":12,"column":37}}],"line":12}},"s":{"0":4,"1":4,"2":4,"3":4,"4":4,"5":4,"6":4,"7":4,"8":4,"9":4,"10":4,"11":4,"12":1,"13":1,"14":1,"15":0,"16":4,"17":4,"18":4,"19":4,"20":4,"21":4,"22":4,"23":4,"24":4,"25":4,"26":4,"27":0,"28":4,"29":4,"30":4,"31":4},"f":{"0":1,"1":0,"2":4,"3":4},"b":{"0":[4,0]},"_coverageSchema":"1a1c01bbd47fc00a2c39e90264f33305004495a9","hash":"b8650fb98a228ceaea3fbef76c43b7992cd9ac2a"}
,"E:\\grip--investment\\backend\\src\\api\\controllers\\auth.controller.js": {"path":"E:\\grip--investment\\backend\\src\\api\\controllers\\auth.controller.js","statementMap":{"0":{"start":{"line":1,"column":22},"end":{"line":1,"column":45}},"1":{"start":{"line":2,"column":12},"end":{"line":2,"column":35}},"2":{"start":{"line":3,"column":15},"end":{"line":3,"column":32}},"3":{"start":{"line":4,"column":25},"end":{"line":4,"column":55}},"4":{"start":{"line":5,"column":15},"end":{"line":5,"column":32}},"5":{"start":{"line":7,"column":0},"end":{"line":7,"column":16}},"6":{"start":{"line":9,"column":22},"end":{"line":13,"column":1}},"7":{"start":{"line":10,"column":2},"end":{"line":12,"column":5}},"8":{"start":{"line":15,"column":15},"end":{"line":51,"column":1}},"9":{"start":{"line":16,"column":74},"end":{"line":16,"column":82}},"10":{"start":{"line":18,"column":2},"end":{"line":20,"column":3}},"11":{"start":{"line":19,"column":4},"end":{"line":19,"column":96}},"12":{"start":{"line":22,"column":2},"end":{"line":50,"column":3}},"13":{"start":{"line":23,"column":23},"end":{"line":23,"column":63}},"14":{"start":{"line":25,"column":4},"end":{"line":27,"column":5}},"15":{"start":{"line":26,"column":6},"end":{"line":26,"column":87}},"16":{"start":{"line":29,"column":17},"end":{"line":36,"column":6}},"17":{"start":{"line":38,"column":4},"end":{"line":47,"column":5}},"18":{"start":{"line":39,"column":6},"end":{"line":44,"column":9}},"19":{"start":{"line":46,"column":6},"end":{"line":46,"column":62}},"20":{"start":{"line":49,"column":4},"end":{"line":49,"column":76}},"21":{"start":{"line":53,"column":14},"end":{"line":78,"column":1}},"22":{"start":{"line":54,"column":30},"end":{"line":54,"column":38}},"23":{"start":{"line":55,"column":2},"end":{"line":55,"column":54}},"24":{"start":{"line":57,"column":2},"end":{"line":59,"column":3}},"25":{"start":{"line":58,"column":4},"end":{"line":58,"column":83}},"26":{"start":{"line":61,"column":2},"end":{"line":77,"column":3}},"27":{"start":{"line":62,"column":17},"end":{"line":62,"column":57}},"28":{"start":{"line":64,"column":4},"end":{"line":73,"column":5}},"29":{"start":{"line":65,"column":6},"end":{"line":70,"column":9}},"30":{"start":{"line":72,"column":6},"end":{"line":72,"column":70}},"31":{"start":{"line":75,"column":4},"end":{"line":75,"column":25}},"32":{"start":{"line":76,"column":4},"end":{"line":76,"column":76}},"33":{"start":{"line":80,"column":23},"end":{"line":104,"column":1}},"34":{"start":{"line":81,"column":20},"end":{"line":81,"column":28}},"35":{"start":{"line":82,"column":2},"end":{"line":103,"column":3}},"36":{"start":{"line":83,"column":17},"end":{"line":83,"column":57}},"37":{"start":{"line":84,"column":4},"end":{"line":86,"column":5}},"38":{"start":{"line":85,"column":6},"end":{"line":85,"column":82}},"39":{"start":{"line":89,"column":16},"end":{"line":89,"column":59}},"40":{"start":{"line":90,"column":22},"end":{"line":90,"column":59}},"41":{"start":{"line":92,"column":4},"end":{"line":96,"column":7}},"42":{"start":{"line":98,"column":4},"end":{"line":98,"column":40}},"43":{"start":{"line":100,"column":4},"end":{"line":100,"column":65}},"44":{"start":{"line":102,"column":4},"end":{"line":102,"column":76}},"45":{"start":{"line":106,"column":22},"end":{"line":138,"column":1}},"46":{"start":{"line":107,"column":35},"end":{"line":107,"column":43}},"47":{"start":{"line":108,"column":2},"end":{"line":137,"column":3}},"48":{"start":{"line":109,"column":17},"end":{"line":109,"column":57}},"49":{"start":{"line":110,"column":4},"end":{"line":112,"column":5}},"50":{"start":{"line":111,"column":6},"end":{"line":111,"column":66}},"51":{"start":{"line":114,"column":22},"end":{"line":119,"column":6}},"52":{"start":{"line":121,"column":4},"end":{"line":123,"column":5}},"53":{"start":{"line":122,"column":6},"end":{"line":122,"column":63}},"54":{"start":{"line":125,"column":4},"end":{"line":127,"column":5}},"55":{"start":{"line":126,"column":6},"end":{"line":126,"column":67}},"56":{"start":{"line":129,"column":4},"end":{"line":129,"column":33}},"57":{"start":{"line":130,"column":4},"end":{"line":130,"column":22}},"58":{"start":{"line":132,"column":4},"end":{"line":132,"column":30}},"59":{"start":{"line":134,"column":4},"end":{"line":134,"column":70}},"60":{"start":{"line":136,"column":4},"end":{"line":136,"column":76}},"61":{"start":{"line":141,"column":34},"end":{"line":141,"column":70}},"62":{"start":{"line":143,"column":28},"end":{"line":156,"column":1}},"63":{"start":{"line":144,"column":23},"end":{"line":144,"column":31}},"64":{"start":{"line":146,"column":2},"end":{"line":148,"column":3}},"65":{"start":{"line":147,"column":4},"end":{"line":147,"column":75}},"66":{"start":{"line":150,"column":2},"end":{"line":155,"column":3}},"67":{"start":{"line":151,"column":29},"end":{"line":151,"column":66}},"68":{"start":{"line":152,"column":4},"end":{"line":152,"column":45}},"69":{"start":{"line":154,"column":4},"end":{"line":154,"column":76}},"70":{"start":{"line":158,"column":0},"end":{"line":158,"column":87}}},"fnMap":{"0":{"name":"(anonymous_0)","decl":{"start":{"line":9,"column":22},"end":{"line":9,"column":23}},"loc":{"start":{"line":9,"column":30},"end":{"line":13,"column":1}},"line":9},"1":{"name":"(anonymous_1)","decl":{"start":{"line":15,"column":15},"end":{"line":15,"column":16}},"loc":{"start":{"line":15,"column":35},"end":{"line":51,"column":1}},"line":15},"2":{"name":"(anonymous_2)","decl":{"start":{"line":53,"column":14},"end":{"line":53,"column":15}},"loc":{"start":{"line":53,"column":34},"end":{"line":78,"column":1}},"line":53},"3":{"name":"(anonymous_3)","decl":{"start":{"line":80,"column":23},"end":{"line":80,"column":24}},"loc":{"start":{"line":80,"column":43},"end":{"line":104,"column":1}},"line":80},"4":{"name":"(anonymous_4)","decl":{"start":{"line":106,"column":22},"end":{"line":106,"column":23}},"loc":{"start":{"line":106,"column":42},"end":{"line":138,"column":1}},"line":106},"5":{"name":"(anonymous_5)","decl":{"start":{"line":143,"column":28},"end":{"line":143,"column":29}},"loc":{"start":{"line":143,"column":48},"end":{"line":156,"column":1}},"line":143}},"branchMap":{"0":{"loc":{"start":{"line":18,"column":2},"end":{"line":20,"column":3}},"type":"if","locations":[{"start":{"line":18,"column":2},"end":{"line":20,"column":3}},{"start":{},"end":{}}],"line":18},"1":{"loc":{"start":{"line":18,"column":6},"end":{"line":18,"column":39}},"type":"binary-expr","locations":[{"start":{"line":18,"column":6},"end":{"line":18,"column":16}},{"start":{"line":18,"column":20},"end":{"line":18,"column":26}},{"start":{"line":18,"column":30},"end":{"line":18,"column":39}}],"line":18},"2":{"loc":{"start":{"line":25,"column":4},"end":{"line":27,"column":5}},"type":"if","locations":[{"start":{"line":25,"column":4},"end":{"line":27,"column":5}},{"start":{},"end":{}}],"line":25},"3":{"loc":{"start":{"line":35,"column":15},"end":{"line":35,"column":31}},"type":"binary-expr","locations":[{"start":{"line":35,"column":15},"end":{"line":35,"column":22}},{"start":{"line":35,"column":26},"end":{"line":35,"column":31}}],"line":35},"4":{"loc":{"start":{"line":38,"column":4},"end":{"line":47,"column":5}},"type":"if","locations":[{"start":{"line":38,"column":4},"end":{"line":47,"column":5}},{"start":{"line":45,"column":11},"end":{"line":47,"column":5}}],"line":38},"5":{"loc":{"start":{"line":57,"column":2},"end":{"line":59,"column":3}},"type":"if","locations":[{"start":{"line":57,"column":2},"end":{"line":59,"column":3}},{"start":{},"end":{}}],"line":57},"6":{"loc":{"start":{"line":57,"column":6},"end":{"line":57,"column":25}},"type":"binary-expr","locations":[{"start":{"line":57,"column":6},"end":{"line":57,"column":12}},{"start":{"line":57,"column":16},"end":{"line":57,"column":25}}],"line":57},"7":{"loc":{"start":{"line":64,"column":4},"end":{"line":73,"column":5}},"type":"if","locations":[{"start":{"line":64,"column":4},"end":{"line":73,"column":5}},{"start":{"line":71,"column":11},"end":{"line":73,"column":5}}],"line":64},"8":{"loc":{"start":{"line":64,"column":8},"end":{"line":64,"column":54}},"type":"binary-expr","locations":[{"start":{"line":64,"column":8},"end":{"line":64,"column":12}},{"start":{"line":64,"column":17},"end":{"line":64,"column":53}}],"line":64},"9":{"loc":{"start":{"line":84,"column":4},"end":{"line":86,"column":5}},"type":"if","locations":[{"start":{"line":84,"column":4},"end":{"line":86,"column":5}},{"start":{},"end":{}}],"line":84},"10":{"loc":{"start":{"line":110,"column":4},"end":{"line":112,"column":5}},"type":"if","locations":[{"start":{"line":110,"column":4},"end":{"line":112,"column":5}},{"start":{},"end":{}}],"line":110},"11":{"loc":{"start":{"line":121,"column":4},"end":{"line":123,"column":5}},"type":"if","locations":[{"start":{"line":121,"column":4},"end":{"line":123,"column":5}},{"start":{},"end":{}}],"line":121},"12":{"loc":{"start":{"line":125,"column":4},"end":{"line":127,"column":5}},"type":"if","locations":[{"start":{"line":125,"column":4},"end":{"line":127,"column":5}},{"start":{},"end":{}}],"line":125},"13":{"loc":{"start":{"line":146,"column":2},"end":{"line":148,"column":3}},"type":"if","locations":[{"start":{"line":146,"column":2},"end":{"line":148,"column":3}},{"start":{},"end":{}}],"line":146}},"s":{"0":4,"1":4,"2":4,"3":4,"4":4,"5":4,"6":4,"7":9,"8":4,"9":6,"10":6,"11":0,"12":6,"13":6,"14":6,"15":1,"16":5,"17":5,"18":5,"19":0,"20":0,"21":4,"22":5,"23":5,"24":5,"25":0,"26":5,"27":5,"28":5,"29":4,"30":1,"31":0,"32":0,"33":4,"34":0,"35":0,"36":0,"37":0,"38":0,"39":0,"40":0,"41":0,"42":0,"43":0,"44":0,"45":4,"46":0,"47":0,"48":0,"49":0,"50":0,"51":0,"52":0,"53":0,"54":0,"55":0,"56":0,"57":0,"58":0,"59":0,"60":0,"61":4,"62":4,"63":1,"64":1,"65":0,"66":1,"67":1,"68":1,"69":0,"70":4},"f":{"0":9,"1":6,"2":5,"3":0,"4":0,"5":1},"b":{"0":[0,6],"1":[6,6,6],"2":[1,5],"3":[5,3],"4":[5,0],"5":[0,5],"6":[5,5],"7":[4,1],"8":[5,5],"9":[0,0],"10":[0,0],"11":[0,0],"12":[0,0],"13":[0,1]},"_coverageSchema":"1a1c01bbd47fc00a2c39e90264f33305004495a9","hash":"7163b7dc6362d255b85be7aea04f032d9c4dbb29"}
,"E:\\grip--investment\\backend\\src\\api\\controllers\\investment.controller.js": {"path":"E:\\grip--investment\\backend\\src\\api\\controllers\\investment.controller.js","statementMap":{"0":{"start":{"line":1,"column":48},"end":{"line":1,"column":71}},"1":{"start":{"line":2,"column":11},"end":{"line":2,"column":34}},"2":{"start":{"line":3,"column":36},"end":{"line":3,"column":72}},"3":{"start":{"line":8,"column":25},"end":{"line":63,"column":1}},"4":{"start":{"line":9,"column":32},"end":{"line":9,"column":40}},"5":{"start":{"line":10,"column":17},"end":{"line":10,"column":28}},"6":{"start":{"line":11,"column":12},"end":{"line":11,"column":44}},"7":{"start":{"line":13,"column":2},"end":{"line":62,"column":3}},"8":{"start":{"line":14,"column":20},"end":{"line":14,"column":83}},"9":{"start":{"line":15,"column":17},"end":{"line":15,"column":64}},"10":{"start":{"line":17,"column":4},"end":{"line":20,"column":5}},"11":{"start":{"line":18,"column":6},"end":{"line":18,"column":25}},"12":{"start":{"line":19,"column":6},"end":{"line":19,"column":68}},"13":{"start":{"line":22,"column":29},"end":{"line":22,"column":47}},"14":{"start":{"line":24,"column":4},"end":{"line":27,"column":5}},"15":{"start":{"line":25,"column":6},"end":{"line":25,"column":25}},"16":{"start":{"line":26,"column":6},"end":{"line":26,"column":71}},"17":{"start":{"line":30,"column":4},"end":{"line":33,"column":5}},"18":{"start":{"line":31,"column":6},"end":{"line":31,"column":25}},"19":{"start":{"line":32,"column":6},"end":{"line":32,"column":110}},"20":{"start":{"line":34,"column":4},"end":{"line":37,"column":5}},"21":{"start":{"line":35,"column":6},"end":{"line":35,"column":25}},"22":{"start":{"line":36,"column":6},"end":{"line":36,"column":107}},"23":{"start":{"line":40,"column":4},"end":{"line":40,"column":37}},"24":{"start":{"line":41,"column":4},"end":{"line":41,"column":40}},"25":{"start":{"line":44,"column":26},"end":{"line":44,"column":51}},"26":{"start":{"line":45,"column":27},"end":{"line":45,"column":95}},"27":{"start":{"line":46,"column":25},"end":{"line":46,"column":35}},"28":{"start":{"line":47,"column":4},"end":{"line":47,"column":74}},"29":{"start":{"line":49,"column":23},"end":{"line":55,"column":26}},"30":{"start":{"line":57,"column":4},"end":{"line":57,"column":21}},"31":{"start":{"line":58,"column":4},"end":{"line":58,"column":37}},"32":{"start":{"line":60,"column":4},"end":{"line":60,"column":23}},"33":{"start":{"line":61,"column":4},"end":{"line":61,"column":76}},"34":{"start":{"line":68,"column":21},"end":{"line":92,"column":1}},"35":{"start":{"line":69,"column":17},"end":{"line":69,"column":28}},"36":{"start":{"line":71,"column":2},"end":{"line":91,"column":3}},"37":{"start":{"line":72,"column":24},"end":{"line":78,"column":6}},"38":{"start":{"line":80,"column":26},"end":{"line":80,"column":91}},"39":{"start":{"line":80,"column":59},"end":{"line":80,"column":87}},"40":{"start":{"line":81,"column":32},"end":{"line":81,"column":105}},"41":{"start":{"line":81,"column":65},"end":{"line":81,"column":101}},"42":{"start":{"line":83,"column":4},"end":{"line":88,"column":7}},"43":{"start":{"line":90,"column":4},"end":{"line":90,"column":76}},"44":{"start":{"line":97,"column":28},"end":{"line":131,"column":1}},"45":{"start":{"line":98,"column":17},"end":{"line":98,"column":28}},"46":{"start":{"line":100,"column":2},"end":{"line":130,"column":3}},"47":{"start":{"line":101,"column":24},"end":{"line":107,"column":6}},"48":{"start":{"line":109,"column":26},"end":{"line":109,"column":91}},"49":{"start":{"line":109,"column":59},"end":{"line":109,"column":87}},"50":{"start":{"line":110,"column":32},"end":{"line":110,"column":105}},"51":{"start":{"line":110,"column":65},"end":{"line":110,"column":101}},"52":{"start":{"line":112,"column":26},"end":{"line":124,"column":5}},"53":{"start":{"line":116,"column":43},"end":{"line":123,"column":7}},"54":{"start":{"line":126,"column":20},"end":{"line":126,"column":64}},"55":{"start":{"line":127,"column":4},"end":{"line":127,"column":26}},"56":{"start":{"line":129,"column":4},"end":{"line":129,"column":76}},"57":{"start":{"line":133,"column":0},"end":{"line":133,"column":73}}},"fnMap":{"0":{"name":"(anonymous_0)","decl":{"start":{"line":8,"column":25},"end":{"line":8,"column":26}},"loc":{"start":{"line":8,"column":45},"end":{"line":63,"column":1}},"line":8},"1":{"name":"(anonymous_1)","decl":{"start":{"line":68,"column":21},"end":{"line":68,"column":22}},"loc":{"start":{"line":68,"column":41},"end":{"line":92,"column":1}},"line":68},"2":{"name":"(anonymous_2)","decl":{"start":{"line":80,"column":45},"end":{"line":80,"column":46}},"loc":{"start":{"line":80,"column":59},"end":{"line":80,"column":87}},"line":80},"3":{"name":"(anonymous_3)","decl":{"start":{"line":81,"column":51},"end":{"line":81,"column":52}},"loc":{"start":{"line":81,"column":65},"end":{"line":81,"column":101}},"line":81},"4":{"name":"(anonymous_4)","decl":{"start":{"line":97,"column":28},"end":{"line":97,"column":29}},"loc":{"start":{"line":97,"column":48},"end":{"line":131,"column":1}},"line":97},"5":{"name":"(anonymous_5)","decl":{"start":{"line":109,"column":45},"end":{"line":109,"column":46}},"loc":{"start":{"line":109,"column":59},"end":{"line":109,"column":87}},"line":109},"6":{"name":"(anonymous_6)","decl":{"start":{"line":110,"column":51},"end":{"line":110,"column":52}},"loc":{"start":{"line":110,"column":65},"end":{"line":110,"column":101}},"line":110},"7":{"name":"(anonymous_7)","decl":{"start":{"line":116,"column":35},"end":{"line":116,"column":36}},"loc":{"start":{"line":116,"column":43},"end":{"line":123,"column":7}},"line":116}},"branchMap":{"0":{"loc":{"start":{"line":17,"column":4},"end":{"line":20,"column":5}},"type":"if","locations":[{"start":{"line":17,"column":4},"end":{"line":20,"column":5}},{"start":{},"end":{}}],"line":17},"1":{"loc":{"start":{"line":24,"column":4},"end":{"line":27,"column":5}},"type":"if","locations":[{"start":{"line":24,"column":4},"end":{"line":27,"column":5}},{"start":{},"end":{}}],"line":24},"2":{"loc":{"start":{"line":30,"column":4},"end":{"line":33,"column":5}},"type":"if","locations":[{"start":{"line":30,"column":4},"end":{"line":33,"column":5}},{"start":{},"end":{}}],"line":30},"3":{"loc":{"start":{"line":30,"column":8},"end":{"line":30,"column":73}},"type":"binary-expr","locations":[{"start":{"line":30,"column":8},"end":{"line":30,"column":29}},{"start":{"line":30,"column":33},"end":{"line":30,"column":73}}],"line":30},"4":{"loc":{"start":{"line":34,"column":4},"end":{"line":37,"column":5}},"type":"if","locations":[{"start":{"line":34,"column":4},"end":{"line":37,"column":5}},{"start":{},"end":{}}],"line":34},"5":{"loc":{"start":{"line":34,"column":8},"end":{"line":34,"column":73}},"type":"binary-expr","locations":[{"start":{"line":34,"column":8},"end":{"line":34,"column":29}},{"start":{"line":34,"column":33},"end":{"line":34,"column":73}}],"line":34}},"s":{"0":4,"1":4,"2":4,"3":4,"4":2,"5":2,"6":2,"7":2,"8":2,"9":2,"10":2,"11":0,"12":0,"13":2,"14":2,"15":1,"16":1,"17":1,"18":0,"19":0,"20":1,"21":0,"22":0,"23":1,"24":1,"25":1,"26":1,"27":1,"28":1,"29":1,"30":1,"31":1,"32":0,"33":0,"34":4,"35":1,"36":1,"37":1,"38":1,"39":1,"40":1,"41":1,"42":1,"43":0,"44":4,"45":1,"46":1,"47":1,"48":1,"49":1,"50":1,"51":1,"52":1,"53":1,"54":1,"55":1,"56":0,"57":4},"f":{"0":2,"1":1,"2":1,"3":1,"4":1,"5":1,"6":1,"7":1},"b":{"0":[0,2],"1":[1,1],"2":[0,1],"3":[1,1],"4":[0,1],"5":[1,0]},"_coverageSchema":"1a1c01bbd47fc00a2c39e90264f33305004495a9","hash":"a4f4653c07fe13a0f57a76a8401461da2759a68f"}
,"E:\\grip--investment\\backend\\src\\api\\controllers\\log.controller.js": {"path":"E:\\grip--investment\\backend\\src\\api\\controllers\\log.controller.js","statementMap":{"0":{"start":{"line":1,"column":33},"end":{"line":1,"column":56}},"1":{"start":{"line":2,"column":15},"end":{"line":2,"column":35}},"2":{"start":{"line":3,"column":27},"end":{"line":3,"column":63}},"3":{"start":{"line":8,"column":16},"end":{"line":45,"column":1}},"4":{"start":{"line":9,"column":28},"end":{"line":9,"column":37}},"5":{"start":{"line":10,"column":22},"end":{"line":10,"column":24}},"6":{"start":{"line":12,"column":2},"end":{"line":14,"column":3}},"7":{"start":{"line":13,"column":4},"end":{"line":13,"column":32}},"8":{"start":{"line":16,"column":2},"end":{"line":18,"column":3}},"9":{"start":{"line":17,"column":4},"end":{"line":17,"column":52}},"10":{"start":{"line":20,"column":2},"end":{"line":44,"column":3}},"11":{"start":{"line":21,"column":17},"end":{"line":29,"column":6}},"12":{"start":{"line":32,"column":30},"end":{"line":38,"column":7}},"13":{"start":{"line":33,"column":6},"end":{"line":36,"column":7}},"14":{"start":{"line":34,"column":26},"end":{"line":34,"column":64}},"15":{"start":{"line":35,"column":8},"end":{"line":35,"column":46}},"16":{"start":{"line":37,"column":6},"end":{"line":37,"column":26}},"17":{"start":{"line":40,"column":4},"end":{"line":40,"column":32}},"18":{"start":{"line":42,"column":4},"end":{"line":42,"column":46}},"19":{"start":{"line":43,"column":4},"end":{"line":43,"column":76}},"20":{"start":{"line":47,"column":0},"end":{"line":47,"column":29}}},"fnMap":{"0":{"name":"(anonymous_0)","decl":{"start":{"line":8,"column":16},"end":{"line":8,"column":17}},"loc":{"start":{"line":8,"column":36},"end":{"line":45,"column":1}},"line":8},"1":{"name":"(anonymous_1)","decl":{"start":{"line":32,"column":57},"end":{"line":32,"column":58}},"loc":{"start":{"line":32,"column":72},"end":{"line":38,"column":5}},"line":32}},"branchMap":{"0":{"loc":{"start":{"line":12,"column":2},"end":{"line":14,"column":3}},"type":"if","locations":[{"start":{"line":12,"column":2},"end":{"line":14,"column":3}},{"start":{},"end":{}}],"line":12},"1":{"loc":{"start":{"line":16,"column":2},"end":{"line":18,"column":3}},"type":"if","locations":[{"start":{"line":16,"column":2},"end":{"line":18,"column":3}},{"start":{},"end":{}}],"line":16},"2":{"loc":{"start":{"line":33,"column":6},"end":{"line":36,"column":7}},"type":"if","locations":[{"start":{"line":33,"column":6},"end":{"line":36,"column":7}},{"start":{},"end":{}}],"line":33}},"s":{"0":4,"1":4,"2":4,"3":4,"4":2,"5":2,"6":2,"7":0,"8":2,"9":0,"10":2,"11":2,"12":2,"13":9,"14":0,"15":0,"16":9,"17":2,"18":0,"19":0,"20":4},"f":{"0":2,"1":9},"b":{"0":[0,2],"1":[0,2],"2":[0,9]},"_coverageSchema":"1a1c01bbd47fc00a2c39e90264f33305004495a9","hash":"ad92ead8de7fb245f11e6a5a0eef16022a59288e"}
,"E:\\grip--investment\\backend\\src\\api\\controllers\\product.controller.js": {"path":"E:\\grip--investment\\backend\\src\\api\\controllers\\product.controller.js","statementMap":{"0":{"start":{"line":1,"column":48},"end":{"line":1,"column":71}},"1":{"start":{"line":2,"column":66},"end":{"line":2,"column":102}},"2":{"start":{"line":7,"column":20},"end":{"line":14,"column":1}},"3":{"start":{"line":8,"column":2},"end":{"line":13,"column":3}},"4":{"start":{"line":9,"column":21},"end":{"line":9,"column":56}},"5":{"start":{"line":10,"column":4},"end":{"line":10,"column":23}},"6":{"start":{"line":12,"column":4},"end":{"line":12,"column":76}},"7":{"start":{"line":19,"column":22},"end":{"line":58,"column":1}},"8":{"start":{"line":29,"column":6},"end":{"line":29,"column":14}},"9":{"start":{"line":31,"column":2},"end":{"line":57,"column":3}},"10":{"start":{"line":32,"column":4},"end":{"line":40,"column":5}},"11":{"start":{"line":33,"column":6},"end":{"line":39,"column":9}},"12":{"start":{"line":42,"column":20},"end":{"line":51,"column":6}},"13":{"start":{"line":53,"column":27},"end":{"line":53,"column":47}},"14":{"start":{"line":54,"column":4},"end":{"line":54,"column":41}},"15":{"start":{"line":56,"column":4},"end":{"line":56,"column":76}},"16":{"start":{"line":60,"column":23},"end":{"line":72,"column":1}},"17":{"start":{"line":61,"column":2},"end":{"line":71,"column":3}},"18":{"start":{"line":62,"column":20},"end":{"line":62,"column":67}},"19":{"start":{"line":64,"column":4},"end":{"line":68,"column":5}},"20":{"start":{"line":65,"column":6},"end":{"line":65,"column":24}},"21":{"start":{"line":67,"column":6},"end":{"line":67,"column":61}},"22":{"start":{"line":70,"column":4},"end":{"line":70,"column":76}},"23":{"start":{"line":77,"column":22},"end":{"line":121,"column":1}},"24":{"start":{"line":87,"column":6},"end":{"line":87,"column":14}},"25":{"start":{"line":89,"column":2},"end":{"line":120,"column":3}},"26":{"start":{"line":90,"column":20},"end":{"line":90,"column":67}},"27":{"start":{"line":92,"column":4},"end":{"line":117,"column":5}},"28":{"start":{"line":94,"column":6},"end":{"line":102,"column":7}},"29":{"start":{"line":95,"column":8},"end":{"line":101,"column":11}},"30":{"start":{"line":104,"column":6},"end":{"line":104,"column":42}},"31":{"start":{"line":105,"column":6},"end":{"line":105,"column":72}},"32":{"start":{"line":106,"column":6},"end":{"line":106,"column":66}},"33":{"start":{"line":107,"column":6},"end":{"line":107,"column":63}},"34":{"start":{"line":108,"column":6},"end":{"line":108,"column":57}},"35":{"start":{"line":109,"column":6},"end":{"line":109,"column":69}},"36":{"start":{"line":110,"column":6},"end":{"line":110,"column":69}},"37":{"start":{"line":111,"column":6},"end":{"line":111,"column":63}},"38":{"start":{"line":113,"column":29},"end":{"line":113,"column":49}},"39":{"start":{"line":114,"column":6},"end":{"line":114,"column":31}},"40":{"start":{"line":116,"column":6},"end":{"line":116,"column":61}},"41":{"start":{"line":119,"column":4},"end":{"line":119,"column":76}},"42":{"start":{"line":126,"column":22},"end":{"line":139,"column":1}},"43":{"start":{"line":127,"column":2},"end":{"line":138,"column":3}},"44":{"start":{"line":128,"column":20},"end":{"line":128,"column":67}},"45":{"start":{"line":130,"column":4},"end":{"line":135,"column":5}},"46":{"start":{"line":131,"column":6},"end":{"line":131,"column":30}},"47":{"start":{"line":132,"column":6},"end":{"line":132,"column":47}},"48":{"start":{"line":134,"column":6},"end":{"line":134,"column":61}},"49":{"start":{"line":137,"column":4},"end":{"line":137,"column":76}},"50":{"start":{"line":144,"column":31},"end":{"line":165,"column":1}},"51":{"start":{"line":145,"column":2},"end":{"line":164,"column":3}},"52":{"start":{"line":146,"column":17},"end":{"line":146,"column":49}},"53":{"start":{"line":147,"column":4},"end":{"line":149,"column":5}},"54":{"start":{"line":148,"column":6},"end":{"line":148,"column":65}},"55":{"start":{"line":151,"column":28},"end":{"line":154,"column":6}},"56":{"start":{"line":156,"column":29},"end":{"line":156,"column":46}},"57":{"start":{"line":157,"column":24},"end":{"line":157,"column":59}},"58":{"start":{"line":159,"column":28},"end":{"line":159,"column":107}},"59":{"start":{"line":160,"column":4},"end":{"line":160,"column":34}},"60":{"start":{"line":162,"column":4},"end":{"line":162,"column":61}},"61":{"start":{"line":163,"column":4},"end":{"line":163,"column":76}},"62":{"start":{"line":167,"column":0},"end":{"line":167,"column":118}}},"fnMap":{"0":{"name":"(anonymous_0)","decl":{"start":{"line":7,"column":20},"end":{"line":7,"column":21}},"loc":{"start":{"line":7,"column":40},"end":{"line":14,"column":1}},"line":7},"1":{"name":"(anonymous_1)","decl":{"start":{"line":19,"column":22},"end":{"line":19,"column":23}},"loc":{"start":{"line":19,"column":42},"end":{"line":58,"column":1}},"line":19},"2":{"name":"(anonymous_2)","decl":{"start":{"line":60,"column":23},"end":{"line":60,"column":24}},"loc":{"start":{"line":60,"column":43},"end":{"line":72,"column":1}},"line":60},"3":{"name":"(anonymous_3)","decl":{"start":{"line":77,"column":22},"end":{"line":77,"column":23}},"loc":{"start":{"line":77,"column":42},"end":{"line":121,"column":1}},"line":77},"4":{"name":"(anonymous_4)","decl":{"start":{"line":126,"column":22},"end":{"line":126,"column":23}},"loc":{"start":{"line":126,"column":42},"end":{"line":139,"column":1}},"line":126},"5":{"name":"(anonymous_5)","decl":{"start":{"line":144,"column":31},"end":{"line":144,"column":32}},"loc":{"start":{"line":144,"column":51},"end":{"line":165,"column":1}},"line":144}},"branchMap":{"0":{"loc":{"start":{"line":32,"column":4},"end":{"line":40,"column":5}},"type":"if","locations":[{"start":{"line":32,"column":4},"end":{"line":40,"column":5}},{"start":{},"end":{}}],"line":32},"1":{"loc":{"start":{"line":64,"column":4},"end":{"line":68,"column":5}},"type":"if","locations":[{"start":{"line":64,"column":4},"end":{"line":68,"column":5}},{"start":{"line":66,"column":11},"end":{"line":68,"column":5}}],"line":64},"2":{"loc":{"start":{"line":92,"column":4},"end":{"line":117,"column":5}},"type":"if","locations":[{"start":{"line":92,"column":4},"end":{"line":117,"column":5}},{"start":{"line":115,"column":11},"end":{"line":117,"column":5}}],"line":92},"3":{"loc":{"start":{"line":94,"column":6},"end":{"line":102,"column":7}},"type":"if","locations":[{"start":{"line":94,"column":6},"end":{"line":102,"column":7}},{"start":{},"end":{}}],"line":94},"4":{"loc":{"start":{"line":94,"column":10},"end":{"line":94,"column":94}},"type":"binary-expr","locations":[{"start":{"line":94,"column":10},"end":{"line":94,"column":22}},{"start":{"line":94,"column":27},"end":{"line":94,"column":31}},{"start":{"line":94,"column":35},"end":{"line":94,"column":49}},{"start":{"line":94,"column":53},"end":{"line":94,"column":65}},{"start":{"line":94,"column":69},"end":{"line":94,"column":80}},{"start":{"line":94,"column":84},"end":{"line":94,"column":93}}],"line":94},"5":{"loc":{"start":{"line":96,"column":16},"end":{"line":96,"column":36}},"type":"binary-expr","locations":[{"start":{"line":96,"column":16},"end":{"line":96,"column":20}},{"start":{"line":96,"column":24},"end":{"line":96,"column":36}}],"line":96},"6":{"loc":{"start":{"line":97,"column":26},"end":{"line":97,"column":66}},"type":"binary-expr","locations":[{"start":{"line":97,"column":26},"end":{"line":97,"column":40}},{"start":{"line":97,"column":44},"end":{"line":97,"column":66}}],"line":97},"7":{"loc":{"start":{"line":98,"column":24},"end":{"line":98,"column":60}},"type":"binary-expr","locations":[{"start":{"line":98,"column":24},"end":{"line":98,"column":36}},{"start":{"line":98,"column":40},"end":{"line":98,"column":60}}],"line":98},"8":{"loc":{"start":{"line":99,"column":23},"end":{"line":99,"column":57}},"type":"binary-expr","locations":[{"start":{"line":99,"column":23},"end":{"line":99,"column":34}},{"start":{"line":99,"column":38},"end":{"line":99,"column":57}}],"line":99},"9":{"loc":{"start":{"line":100,"column":21},"end":{"line":100,"column":51}},"type":"binary-expr","locations":[{"start":{"line":100,"column":21},"end":{"line":100,"column":30}},{"start":{"line":100,"column":34},"end":{"line":100,"column":51}}],"line":100},"10":{"loc":{"start":{"line":104,"column":21},"end":{"line":104,"column":41}},"type":"binary-expr","locations":[{"start":{"line":104,"column":21},"end":{"line":104,"column":25}},{"start":{"line":104,"column":29},"end":{"line":104,"column":41}}],"line":104},"11":{"loc":{"start":{"line":105,"column":31},"end":{"line":105,"column":71}},"type":"binary-expr","locations":[{"start":{"line":105,"column":31},"end":{"line":105,"column":45}},{"start":{"line":105,"column":49},"end":{"line":105,"column":71}}],"line":105},"12":{"loc":{"start":{"line":106,"column":29},"end":{"line":106,"column":65}},"type":"binary-expr","locations":[{"start":{"line":106,"column":29},"end":{"line":106,"column":41}},{"start":{"line":106,"column":45},"end":{"line":106,"column":65}}],"line":106},"13":{"loc":{"start":{"line":107,"column":28},"end":{"line":107,"column":62}},"type":"binary-expr","locations":[{"start":{"line":107,"column":28},"end":{"line":107,"column":39}},{"start":{"line":107,"column":43},"end":{"line":107,"column":62}}],"line":107},"14":{"loc":{"start":{"line":108,"column":26},"end":{"line":108,"column":56}},"type":"binary-expr","locations":[{"start":{"line":108,"column":26},"end":{"line":108,"column":35}},{"start":{"line":108,"column":39},"end":{"line":108,"column":56}}],"line":108},"15":{"loc":{"start":{"line":109,"column":30},"end":{"line":109,"column":68}},"type":"binary-expr","locations":[{"start":{"line":109,"column":30},"end":{"line":109,"column":43}},{"start":{"line":109,"column":47},"end":{"line":109,"column":68}}],"line":109},"16":{"loc":{"start":{"line":110,"column":30},"end":{"line":110,"column":68}},"type":"binary-expr","locations":[{"start":{"line":110,"column":30},"end":{"line":110,"column":43}},{"start":{"line":110,"column":47},"end":{"line":110,"column":68}}],"line":110},"17":{"loc":{"start":{"line":111,"column":28},"end":{"line":111,"column":62}},"type":"binary-expr","locations":[{"start":{"line":111,"column":28},"end":{"line":111,"column":39}},{"start":{"line":111,"column":43},"end":{"line":111,"column":62}}],"line":111},"18":{"loc":{"start":{"line":130,"column":4},"end":{"line":135,"column":5}},"type":"if","locations":[{"start":{"line":130,"column":4},"end":{"line":135,"column":5}},{"start":{"line":133,"column":11},"end":{"line":135,"column":5}}],"line":130},"19":{"loc":{"start":{"line":147,"column":4},"end":{"line":149,"column":5}},"type":"if","locations":[{"start":{"line":147,"column":4},"end":{"line":149,"column":5}},{"start":{},"end":{}}],"line":147}},"s":{"0":4,"1":4,"2":4,"3":2,"4":2,"5":2,"6":0,"7":4,"8":1,"9":1,"10":1,"11":1,"12":1,"13":1,"14":1,"15":0,"16":4,"17":1,"18":1,"19":1,"20":1,"21":0,"22":0,"23":4,"24":1,"25":1,"26":1,"27":1,"28":1,"29":1,"30":1,"31":1,"32":1,"33":1,"34":1,"35":1,"36":1,"37":1,"38":1,"39":1,"40":0,"41":0,"42":4,"43":1,"44":1,"45":1,"46":1,"47":1,"48":0,"49":0,"50":4,"51":1,"52":1,"53":1,"54":0,"55":1,"56":1,"57":1,"58":1,"59":1,"60":0,"61":0,"62":4},"f":{"0":2,"1":1,"2":1,"3":1,"4":1,"5":1},"b":{"0":[1,0],"1":[1,0],"2":[1,0],"3":[1,0],"4":[1,1,0,0,0,0],"5":[1,0],"6":[1,1],"7":[1,1],"8":[1,1],"9":[1,1],"10":[1,0],"11":[1,1],"12":[1,1],"13":[1,1],"14":[1,1],"15":[1,1],"16":[1,1],"17":[1,0],"18":[1,0],"19":[0,1]},"_coverageSchema":"1a1c01bbd47fc00a2c39e90264f33305004495a9","hash":"ecab8593ed64c6ad8067b761a5ec331843765c61"}
,"E:\\grip--investment\\backend\\src\\api\\controllers\\user.controller.js": {"path":"E:\\grip--investment\\backend\\src\\api\\controllers\\user.controller.js","statementMap":{"0":{"start":{"line":1,"column":17},"end":{"line":1,"column":40}},"1":{"start":{"line":6,"column":19},"end":{"line":25,"column":1}},"2":{"start":{"line":8,"column":15},"end":{"line":10,"column":4}},"3":{"start":{"line":12,"column":2},"end":{"line":24,"column":3}},"4":{"start":{"line":13,"column":4},"end":{"line":21,"column":7}},"5":{"start":{"line":23,"column":4},"end":{"line":23,"column":56}},"6":{"start":{"line":30,"column":22},"end":{"line":52,"column":1}},"7":{"start":{"line":31,"column":15},"end":{"line":31,"column":47}},"8":{"start":{"line":33,"column":2},"end":{"line":51,"column":3}},"9":{"start":{"line":34,"column":4},"end":{"line":34,"column":58}},"10":{"start":{"line":35,"column":4},"end":{"line":35,"column":55}},"11":{"start":{"line":36,"column":4},"end":{"line":36,"column":67}},"12":{"start":{"line":40,"column":24},"end":{"line":40,"column":41}},"13":{"start":{"line":42,"column":4},"end":{"line":48,"column":7}},"14":{"start":{"line":50,"column":4},"end":{"line":50,"column":56}},"15":{"start":{"line":54,"column":0},"end":{"line":54,"column":47}}},"fnMap":{"0":{"name":"(anonymous_0)","decl":{"start":{"line":6,"column":19},"end":{"line":6,"column":20}},"loc":{"start":{"line":6,"column":39},"end":{"line":25,"column":1}},"line":6},"1":{"name":"(anonymous_1)","decl":{"start":{"line":30,"column":22},"end":{"line":30,"column":23}},"loc":{"start":{"line":30,"column":42},"end":{"line":52,"column":1}},"line":30}},"branchMap":{"0":{"loc":{"start":{"line":12,"column":2},"end":{"line":24,"column":3}},"type":"if","locations":[{"start":{"line":12,"column":2},"end":{"line":24,"column":3}},{"start":{"line":22,"column":9},"end":{"line":24,"column":3}}],"line":12},"1":{"loc":{"start":{"line":33,"column":2},"end":{"line":51,"column":3}},"type":"if","locations":[{"start":{"line":33,"column":2},"end":{"line":51,"column":3}},{"start":{"line":49,"column":9},"end":{"line":51,"column":3}}],"line":33},"2":{"loc":{"start":{"line":34,"column":21},"end":{"line":34,"column":57}},"type":"binary-expr","locations":[{"start":{"line":34,"column":21},"end":{"line":34,"column":39}},{"start":{"line":34,"column":43},"end":{"line":34,"column":57}}],"line":34},"3":{"loc":{"start":{"line":35,"column":20},"end":{"line":35,"column":54}},"type":"binary-expr","locations":[{"start":{"line":35,"column":20},"end":{"line":35,"column":37}},{"start":{"line":35,"column":41},"end":{"line":35,"column":54}}],"line":35},"4":{"loc":{"start":{"line":36,"column":24},"end":{"line":36,"column":66}},"type":"binary-expr","locations":[{"start":{"line":36,"column":24},"end":{"line":36,"column":45}},{"start":{"line":36,"column":49},"end":{"line":36,"column":66}}],"line":36}},"s":{"0":4,"1":4,"2":0,"3":0,"4":0,"5":0,"6":4,"7":0,"8":0,"9":0,"10":0,"11":0,"12":0,"13":0,"14":0,"15":4},"f":{"0":0,"1":0},"b":{"0":[0,0],"1":[0,0],"2":[0,0],"3":[0,0],"4":[0,0]},"_coverageSchema":"1a1c01bbd47fc00a2c39e90264f33305004495a9","hash":"a3e2b82c03457a0cb21a62a955cfd00a7931d4c2"}
,"E:\\grip--investment\\backend\\src\\api\\middlewares\\admin.middleware.js": {"path":"E:\\grip--investment\\backend\\src\\api\\middlewares\\admin.middleware.js","statementMap":{"0":{"start":{"line":1,"column":14},"end":{"line":7,"column":1}},"1":{"start":{"line":2,"column":2},"end":{"line":6,"column":3}},"2":{"start":{"line":3,"column":4},"end":{"line":3,"column":11}},"3":{"start":{"line":5,"column":4},"end":{"line":5,"column":68}},"4":{"start":{"line":9,"column":0},"end":{"line":9,"column":27}}},"fnMap":{"0":{"name":"(anonymous_0)","decl":{"start":{"line":1,"column":14},"end":{"line":1,"column":15}},"loc":{"start":{"line":1,"column":34},"end":{"line":7,"column":1}},"line":1}},"branchMap":{"0":{"loc":{"start":{"line":2,"column":2},"end":{"line":6,"column":3}},"type":"if","locations":[{"start":{"line":2,"column":2},"end":{"line":6,"column":3}},{"start":{"line":4,"column":9},"end":{"line":6,"column":3}}],"line":2},"1":{"loc":{"start":{"line":2,"column":6},"end":{"line":2,"column":34}},"type":"binary-expr","locations":[{"start":{"line":2,"column":6},"end":{"line":2,"column":14}},{"start":{"line":2,"column":18},"end":{"line":2,"column":34}}],"line":2}},"s":{"0":4,"1":6,"2":5,"3":1,"4":4},"f":{"0":6},"b":{"0":[5,1],"1":[6,6]},"_coverageSchema":"1a1c01bbd47fc00a2c39e90264f33305004495a9","hash":"7992484a6b10ae5ea905fec7ab9e40fe6aca877a"}
,"E:\\grip--investment\\backend\\src\\api\\middlewares\\auth.middleware.js": {"path":"E:\\grip--investment\\backend\\src\\api\\middlewares\\auth.middleware.js","statementMap":{"0":{"start":{"line":1,"column":12},"end":{"line":1,"column":35}},"1":{"start":{"line":2,"column":17},"end":{"line":2,"column":40}},"2":{"start":{"line":3,"column":15},"end":{"line":3,"column":32}},"3":{"start":{"line":5,"column":0},"end":{"line":5,"column":16}},"4":{"start":{"line":7,"column":16},"end":{"line":37,"column":1}},"5":{"start":{"line":10,"column":2},"end":{"line":32,"column":3}},"6":{"start":{"line":11,"column":4},"end":{"line":31,"column":5}},"7":{"start":{"line":13,"column":6},"end":{"line":13,"column":54}},"8":{"start":{"line":16,"column":22},"end":{"line":16,"column":63}},"9":{"start":{"line":19,"column":6},"end":{"line":21,"column":9}},"10":{"start":{"line":23,"column":6},"end":{"line":25,"column":7}},"11":{"start":{"line":24,"column":8},"end":{"line":24,"column":83}},"12":{"start":{"line":27,"column":6},"end":{"line":27,"column":13}},"13":{"start":{"line":29,"column":6},"end":{"line":29,"column":27}},"14":{"start":{"line":30,"column":6},"end":{"line":30,"column":72}},"15":{"start":{"line":34,"column":2},"end":{"line":36,"column":3}},"16":{"start":{"line":35,"column":4},"end":{"line":35,"column":66}},"17":{"start":{"line":39,"column":0},"end":{"line":39,"column":29}}},"fnMap":{"0":{"name":"(anonymous_0)","decl":{"start":{"line":7,"column":16},"end":{"line":7,"column":17}},"loc":{"start":{"line":7,"column":42},"end":{"line":37,"column":1}},"line":7}},"branchMap":{"0":{"loc":{"start":{"line":10,"column":2},"end":{"line":32,"column":3}},"type":"if","locations":[{"start":{"line":10,"column":2},"end":{"line":32,"column":3}},{"start":{},"end":{}}],"line":10},"1":{"loc":{"start":{"line":10,"column":6},"end":{"line":10,"column":81}},"type":"binary-expr","locations":[{"start":{"line":10,"column":6},"end":{"line":10,"column":31}},{"start":{"line":10,"column":35},"end":{"line":10,"column":81}}],"line":10},"2":{"loc":{"start":{"line":23,"column":6},"end":{"line":25,"column":7}},"type":"if","locations":[{"start":{"line":23,"column":6},"end":{"line":25,"column":7}},{"start":{},"end":{}}],"line":23},"3":{"loc":{"start":{"line":34,"column":2},"end":{"line":36,"column":3}},"type":"if","locations":[{"start":{"line":34,"column":2},"end":{"line":36,"column":3}},{"start":{},"end":{}}],"line":34}},"s":{"0":4,"1":4,"2":4,"3":4,"4":4,"5":11,"6":11,"7":11,"8":11,"9":11,"10":11,"11":0,"12":11,"13":0,"14":0,"15":11,"16":0,"17":4},"f":{"0":11},"b":{"0":[11,0],"1":[11,11],"2":[0,11],"3":[0,11]},"_coverageSchema":"1a1c01bbd47fc00a2c39e90264f33305004495a9","hash":"be14d6462b0ac7330a455e009c4f02b156c73e13"}
,"E:\\grip--investment\\backend\\src\\api\\middlewares\\transactionLog.middleware.js": {"path":"E:\\grip--investment\\backend\\src\\api\\middlewares\\transactionLog.middleware.js","statementMap":{"0":{"start":{"line":1,"column":27},"end":{"line":1,"column":50}},"1":{"start":{"line":3,"column":23},"end":{"line":28,"column":1}},"2":{"start":{"line":4,"column":23},"end":{"line":4,"column":31}},"3":{"start":{"line":5,"column":21},"end":{"line":5,"column":25}},"4":{"start":{"line":7,"column":2},"end":{"line":10,"column":4}},"5":{"start":{"line":8,"column":4},"end":{"line":8,"column":24}},"6":{"start":{"line":9,"column":4},"end":{"line":9,"column":39}},"7":{"start":{"line":12,"column":2},"end":{"line":25,"column":5}},"8":{"start":{"line":13,"column":4},"end":{"line":24,"column":5}},"9":{"start":{"line":14,"column":6},"end":{"line":21,"column":9}},"10":{"start":{"line":23,"column":6},"end":{"line":23,"column":57}},"11":{"start":{"line":27,"column":2},"end":{"line":27,"column":9}},"12":{"start":{"line":30,"column":0},"end":{"line":30,"column":36}}},"fnMap":{"0":{"name":"(anonymous_0)","decl":{"start":{"line":3,"column":23},"end":{"line":3,"column":24}},"loc":{"start":{"line":3,"column":49},"end":{"line":28,"column":1}},"line":3},"1":{"name":"(anonymous_1)","decl":{"start":{"line":7,"column":13},"end":{"line":7,"column":14}},"loc":{"start":{"line":7,"column":29},"end":{"line":10,"column":3}},"line":7},"2":{"name":"(anonymous_2)","decl":{"start":{"line":12,"column":19},"end":{"line":12,"column":20}},"loc":{"start":{"line":12,"column":31},"end":{"line":25,"column":3}},"line":12}},"branchMap":{"0":{"loc":{"start":{"line":15,"column":16},"end":{"line":15,"column":45}},"type":"cond-expr","locations":[{"start":{"line":15,"column":27},"end":{"line":15,"column":38}},{"start":{"line":15,"column":41},"end":{"line":15,"column":45}}],"line":15},"1":{"loc":{"start":{"line":16,"column":15},"end":{"line":16,"column":47}},"type":"cond-expr","locations":[{"start":{"line":16,"column":26},"end":{"line":16,"column":40}},{"start":{"line":16,"column":43},"end":{"line":16,"column":47}}],"line":16},"2":{"loc":{"start":{"line":20,"column":22},"end":{"line":20,"column":65}},"type":"cond-expr","locations":[{"start":{"line":20,"column":46},"end":{"line":20,"column":58}},{"start":{"line":20,"column":61},"end":{"line":20,"column":65}}],"line":20}},"s":{"0":4,"1":4,"2":27,"3":27,"4":27,"5":27,"6":27,"7":27,"8":27,"9":27,"10":0,"11":27,"12":4},"f":{"0":27,"1":27,"2":27},"b":{"0":[11,16],"1":[11,16],"2":[4,23]},"_coverageSchema":"1a1c01bbd47fc00a2c39e90264f33305004495a9","hash":"1997385ac797d672659e8a8a3b3408667304f890"}
,"E:\\grip--investment\\backend\\src\\api\\routes\\auth.routes.js": {"path":"E:\\grip--investment\\backend\\src\\api\\routes\\auth.routes.js","statementMap":{"0":{"start":{"line":1,"column":16},"end":{"line":1,"column":34}},"1":{"start":{"line":2,"column":15},"end":{"line":2,"column":31}},"2":{"start":{"line":3,"column":78},"end":{"line":3,"column":119}},"3":{"start":{"line":8,"column":0},"end":{"line":8,"column":31}},"4":{"start":{"line":13,"column":0},"end":{"line":13,"column":29}},"5":{"start":{"line":18,"column":0},"end":{"line":18,"column":48}},"6":{"start":{"line":23,"column":0},"end":{"line":23,"column":46}},"7":{"start":{"line":28,"column":0},"end":{"line":28,"column":55}},"8":{"start":{"line":30,"column":0},"end":{"line":30,"column":24}}},"fnMap":{},"branchMap":{},"s":{"0":4,"1":4,"2":4,"3":4,"4":4,"5":4,"6":4,"7":4,"8":4},"f":{},"b":{},"_coverageSchema":"1a1c01bbd47fc00a2c39e90264f33305004495a9","hash":"428ab5e27c94d4dfbb9f041c8da173705a810afa"}
,"E:\\grip--investment\\backend\\src\\api\\routes\\investment.routes.js": {"path":"E:\\grip--investment\\backend\\src\\api\\routes\\investment.routes.js","statementMap":{"0":{"start":{"line":1,"column":16},"end":{"line":1,"column":34}},"1":{"start":{"line":2,"column":15},"end":{"line":2,"column":31}},"2":{"start":{"line":7,"column":4},"end":{"line":7,"column":51}},"3":{"start":{"line":8,"column":20},"end":{"line":8,"column":61}},"4":{"start":{"line":11,"column":0},"end":{"line":11,"column":20}},"5":{"start":{"line":13,"column":0},"end":{"line":13,"column":59}},"6":{"start":{"line":14,"column":0},"end":{"line":14,"column":50}},"7":{"start":{"line":16,"column":0},"end":{"line":16,"column":24}}},"fnMap":{},"branchMap":{},"s":{"0":4,"1":4,"2":4,"3":4,"4":4,"5":4,"6":4,"7":4},"f":{},"b":{},"_coverageSchema":"1a1c01bbd47fc00a2c39e90264f33305004495a9","hash":"4f2ddd769876cf8b6f4e4c1687a5ee76317aef75"}
,"E:\\grip--investment\\backend\\src\\api\\routes\\log.routes.js": {"path":"E:\\grip--investment\\backend\\src\\api\\routes\\log.routes.js","statementMap":{"0":{"start":{"line":1,"column":16},"end":{"line":1,"column":34}},"1":{"start":{"line":2,"column":15},"end":{"line":2,"column":31}},"2":{"start":{"line":3,"column":20},"end":{"line":3,"column":60}},"3":{"start":{"line":4,"column":20},"end":{"line":4,"column":61}},"4":{"start":{"line":5,"column":18},"end":{"line":5,"column":60}},"5":{"start":{"line":8,"column":0},"end":{"line":8,"column":27}},"6":{"start":{"line":10,"column":0},"end":{"line":10,"column":31}},"7":{"start":{"line":12,"column":0},"end":{"line":12,"column":24}}},"fnMap":{},"branchMap":{},"s":{"0":4,"1":4,"2":4,"3":4,"4":4,"5":4,"6":4,"7":4},"f":{},"b":{},"_coverageSchema":"1a1c01bbd47fc00a2c39e90264f33305004495a9","hash":"5197b1500ef1c97a93374b03d4c33cfc436c74a8"}
,"E:\\grip--investment\\backend\\src\\api\\routes\\product.routes.js": {"path":"E:\\grip--investment\\backend\\src\\api\\routes\\product.routes.js","statementMap":{"0":{"start":{"line":1,"column":16},"end":{"line":1,"column":34}},"1":{"start":{"line":2,"column":15},"end":{"line":2,"column":31}},"2":{"start":{"line":10,"column":4},"end":{"line":10,"column":48}},"3":{"start":{"line":11,"column":20},"end":{"line":11,"column":61}},"4":{"start":{"line":12,"column":18},"end":{"line":12,"column":60}},"5":{"start":{"line":15,"column":0},"end":{"line":15,"column":35}},"6":{"start":{"line":18,"column":0},"end":{"line":18,"column":70}},"7":{"start":{"line":21,"column":0},"end":{"line":21,"column":41}},"8":{"start":{"line":24,"column":0},"end":{"line":24,"column":54}},"9":{"start":{"line":25,"column":0},"end":{"line":25,"column":56}},"10":{"start":{"line":26,"column":0},"end":{"line":26,"column":59}},"11":{"start":{"line":28,"column":0},"end":{"line":28,"column":24}}},"fnMap":{},"branchMap":{},"s":{"0":4,"1":4,"2":4,"3":4,"4":4,"5":4,"6":4,"7":4,"8":4,"9":4,"10":4,"11":4},"f":{},"b":{},"_coverageSchema":"1a1c01bbd47fc00a2c39e90264f33305004495a9","hash":"16f2df381f5d454dbc70bc5e01334691628cab67"}
,"E:\\grip--investment\\backend\\src\\api\\routes\\user.routes.js": {"path":"E:\\grip--investment\\backend\\src\\api\\routes\\user.routes.js","statementMap":{"0":{"start":{"line":1,"column":16},"end":{"line":1,"column":34}},"1":{"start":{"line":2,"column":15},"end":{"line":2,"column":31}},"2":{"start":{"line":3,"column":38},"end":{"line":3,"column":79}},"3":{"start":{"line":4,"column":20},"end":{"line":4,"column":61}},"4":{"start":{"line":7,"column":0},"end":{"line":7,"column":20}},"5":{"start":{"line":9,"column":0},"end":{"line":9,"column":60}},"6":{"start":{"line":11,"column":0},"end":{"line":11,"column":24}}},"fnMap":{},"branchMap":{},"s":{"0":4,"1":4,"2":4,"3":4,"4":4,"5":4,"6":4},"f":{},"b":{},"_coverageSchema":"1a1c01bbd47fc00a2c39e90264f33305004495a9","hash":"559c22323e1dff043ac301d22fda03a4ff8baae7"}
,"E:\\grip--investment\\backend\\src\\config\\database.js": {"path":"E:\\grip--investment\\backend\\src\\config\\database.js","statementMap":{"0":{"start":{"line":1,"column":13},"end":{"line":1,"column":28}},"1":{"start":{"line":2,"column":0},"end":{"line":2,"column":80}},"2":{"start":{"line":4,"column":0},"end":{"line":20,"column":2}}},"fnMap":{},"branchMap":{},"s":{"0":4,"1":4,"2":4},"f":{},"b":{},"_coverageSchema":"1a1c01bbd47fc00a2c39e90264f33305004495a9","hash":"159de526d5656f81af0597ba83db7dbf95f0a3b8"}
,"E:\\grip--investment\\backend\\src\\config\\mailer.js": {"path":"E:\\grip--investment\\backend\\src\\config\\mailer.js","statementMap":{"0":{"start":{"line":1,"column":19},"end":{"line":1,"column":40}},"1":{"start":{"line":2,"column":15},"end":{"line":2,"column":32}},"2":{"start":{"line":4,"column":0},"end":{"line":4,"column":16}},"3":{"start":{"line":6,"column":20},"end":{"line":14,"column":2}},"4":{"start":{"line":16,"column":21},"end":{"line":33,"column":1}},"5":{"start":{"line":17,"column":22},"end":{"line":23,"column":3}},"6":{"start":{"line":25,"column":2},"end":{"line":32,"column":3}},"7":{"start":{"line":26,"column":15},"end":{"line":26,"column":54}},"8":{"start":{"line":27,"column":4},"end":{"line":27,"column":52}},"9":{"start":{"line":28,"column":4},"end":{"line":28,"column":16}},"10":{"start":{"line":30,"column":4},"end":{"line":30,"column":49}},"11":{"start":{"line":31,"column":4},"end":{"line":31,"column":49}},"12":{"start":{"line":35,"column":0},"end":{"line":35,"column":34}}},"fnMap":{"0":{"name":"(anonymous_0)","decl":{"start":{"line":16,"column":21},"end":{"line":16,"column":22}},"loc":{"start":{"line":16,"column":40},"end":{"line":33,"column":1}},"line":16}},"branchMap":{},"s":{"0":4,"1":4,"2":4,"3":4,"4":4,"5":0,"6":0,"7":0,"8":0,"9":0,"10":0,"11":0,"12":4},"f":{"0":0},"b":{},"_coverageSchema":"1a1c01bbd47fc00a2c39e90264f33305004495a9","hash":"a33fdd2a2113d9258ef149d3af778819c861447b"}
,"E:\\grip--investment\\backend\\src\\models\\Investment.js": {"path":"E:\\grip--investment\\backend\\src\\models\\Investment.js","statementMap":{"0":{"start":{"line":2,"column":18},"end":{"line":2,"column":38}},"1":{"start":{"line":4,"column":0},"end":{"line":57,"column":2}},"2":{"start":{"line":7,"column":6},"end":{"line":7,"column":66}},"3":{"start":{"line":8,"column":6},"end":{"line":8,"column":97}},"4":{"start":{"line":11,"column":2},"end":{"line":55,"column":5}},"5":{"start":{"line":56,"column":2},"end":{"line":56,"column":20}}},"fnMap":{"0":{"name":"(anonymous_0)","decl":{"start":{"line":4,"column":17},"end":{"line":4,"column":18}},"loc":{"start":{"line":4,"column":43},"end":{"line":57,"column":1}},"line":4},"1":{"name":"(anonymous_1)","decl":{"start":{"line":6,"column":4},"end":{"line":6,"column":5}},"loc":{"start":{"line":6,"column":29},"end":{"line":9,"column":5}},"line":6}},"branchMap":{},"s":{"0":4,"1":4,"2":4,"3":4,"4":4,"5":4},"f":{"0":4,"1":4},"b":{},"_coverageSchema":"1a1c01bbd47fc00a2c39e90264f33305004495a9","hash":"0d79185fc47f77224b55c368b539f548146c6828"}
,"E:\\grip--investment\\backend\\src\\models\\InvestmentProduct.js": {"path":"E:\\grip--investment\\backend\\src\\models\\InvestmentProduct.js","statementMap":{"0":{"start":{"line":2,"column":18},"end":{"line":2,"column":38}},"1":{"start":{"line":4,"column":0},"end":{"line":62,"column":2}},"2":{"start":{"line":7,"column":6},"end":{"line":7,"column":80}},"3":{"start":{"line":10,"column":2},"end":{"line":60,"column":5}},"4":{"start":{"line":61,"column":2},"end":{"line":61,"column":27}}},"fnMap":{"0":{"name":"(anonymous_0)","decl":{"start":{"line":4,"column":17},"end":{"line":4,"column":18}},"loc":{"start":{"line":4,"column":43},"end":{"line":62,"column":1}},"line":4},"1":{"name":"(anonymous_1)","decl":{"start":{"line":6,"column":4},"end":{"line":6,"column":5}},"loc":{"start":{"line":6,"column":29},"end":{"line":8,"column":5}},"line":6}},"branchMap":{},"s":{"0":4,"1":4,"2":4,"3":4,"4":4},"f":{"0":4,"1":4},"b":{},"_coverageSchema":"1a1c01bbd47fc00a2c39e90264f33305004495a9","hash":"5b4300a04ae8a82f896719daf4ae1bac0e92de8e"}
,"E:\\grip--investment\\backend\\src\\models\\Otp.js": {"path":"E:\\grip--investment\\backend\\src\\models\\Otp.js","statementMap":{"0":{"start":{"line":2,"column":18},"end":{"line":2,"column":38}},"1":{"start":{"line":4,"column":0},"end":{"line":39,"column":2}},"2":{"start":{"line":7,"column":6},"end":{"line":7,"column":59}},"3":{"start":{"line":10,"column":2},"end":{"line":37,"column":5}},"4":{"start":{"line":38,"column":2},"end":{"line":38,"column":13}}},"fnMap":{"0":{"name":"(anonymous_0)","decl":{"start":{"line":4,"column":17},"end":{"line":4,"column":18}},"loc":{"start":{"line":4,"column":43},"end":{"line":39,"column":1}},"line":4},"1":{"name":"(anonymous_1)","decl":{"start":{"line":6,"column":4},"end":{"line":6,"column":5}},"loc":{"start":{"line":6,"column":29},"end":{"line":8,"column":5}},"line":6}},"branchMap":{},"s":{"0":4,"1":4,"2":4,"3":4,"4":4},"f":{"0":4,"1":4},"b":{},"_coverageSchema":"1a1c01bbd47fc00a2c39e90264f33305004495a9","hash":"ca70a5f9ab8a01e4d8013c7aab346b426d038e5c"}
,"E:\\grip--investment\\backend\\src\\models\\TransactionLog.js": {"path":"E:\\grip--investment\\backend\\src\\models\\TransactionLog.js","statementMap":{"0":{"start":{"line":2,"column":18},"end":{"line":2,"column":38}},"1":{"start":{"line":4,"column":0},"end":{"line":51,"column":2}},"2":{"start":{"line":7,"column":6},"end":{"line":7,"column":70}},"3":{"start":{"line":10,"column":2},"end":{"line":49,"column":5}},"4":{"start":{"line":50,"column":2},"end":{"line":50,"column":24}}},"fnMap":{"0":{"name":"(anonymous_0)","decl":{"start":{"line":4,"column":17},"end":{"line":4,"column":18}},"loc":{"start":{"line":4,"column":43},"end":{"line":51,"column":1}},"line":4},"1":{"name":"(anonymous_1)","decl":{"start":{"line":6,"column":4},"end":{"line":6,"column":5}},"loc":{"start":{"line":6,"column":29},"end":{"line":8,"column":5}},"line":6}},"branchMap":{},"s":{"0":4,"1":4,"2":4,"3":4,"4":4},"f":{"0":4,"1":4},"b":{},"_coverageSchema":"1a1c01bbd47fc00a2c39e90264f33305004495a9","hash":"8d62fe8af229da699e82abc69d8688ce3f824d87"}
,"E:\\grip--investment\\backend\\src\\models\\User.js": {"path":"E:\\grip--investment\\backend\\src\\models\\User.js","statementMap":{"0":{"start":{"line":2,"column":18},"end":{"line":2,"column":38}},"1":{"start":{"line":3,"column":15},"end":{"line":3,"column":34}},"2":{"start":{"line":5,"column":0},"end":{"line":84,"column":2}},"3":{"start":{"line":8,"column":6},"end":{"line":8,"column":64}},"4":{"start":{"line":9,"column":6},"end":{"line":9,"column":68}},"5":{"start":{"line":12,"column":2},"end":{"line":76,"column":5}},"6":{"start":{"line":64,"column":8},"end":{"line":67,"column":9}},"7":{"start":{"line":65,"column":23},"end":{"line":65,"column":47}},"8":{"start":{"line":66,"column":10},"end":{"line":66,"column":73}},"9":{"start":{"line":70,"column":8},"end":{"line":73,"column":9}},"10":{"start":{"line":71,"column":23},"end":{"line":71,"column":47}},"11":{"start":{"line":72,"column":10},"end":{"line":72,"column":73}},"12":{"start":{"line":79,"column":2},"end":{"line":81,"column":3}},"13":{"start":{"line":80,"column":4},"end":{"line":80,"column":55}},"14":{"start":{"line":83,"column":2},"end":{"line":83,"column":14}}},"fnMap":{"0":{"name":"(anonymous_0)","decl":{"start":{"line":5,"column":17},"end":{"line":5,"column":18}},"loc":{"start":{"line":5,"column":43},"end":{"line":84,"column":1}},"line":5},"1":{"name":"(anonymous_1)","decl":{"start":{"line":7,"column":4},"end":{"line":7,"column":5}},"loc":{"start":{"line":7,"column":29},"end":{"line":10,"column":5}},"line":7},"2":{"name":"(anonymous_2)","decl":{"start":{"line":63,"column":20},"end":{"line":63,"column":21}},"loc":{"start":{"line":63,"column":36},"end":{"line":68,"column":7}},"line":63},"3":{"name":"(anonymous_3)","decl":{"start":{"line":69,"column":20},"end":{"line":69,"column":21}},"loc":{"start":{"line":69,"column":36},"end":{"line":74,"column":7}},"line":69},"4":{"name":"(anonymous_4)","decl":{"start":{"line":79,"column":35},"end":{"line":79,"column":36}},"loc":{"start":{"line":79,"column":54},"end":{"line":81,"column":3}},"line":79}},"branchMap":{"0":{"loc":{"start":{"line":64,"column":8},"end":{"line":67,"column":9}},"type":"if","locations":[{"start":{"line":64,"column":8},"end":{"line":67,"column":9}},{"start":{},"end":{}}],"line":64},"1":{"loc":{"start":{"line":70,"column":8},"end":{"line":73,"column":9}},"type":"if","locations":[{"start":{"line":70,"column":8},"end":{"line":73,"column":9}},{"start":{},"end":{}}],"line":70}},"s":{"0":4,"1":4,"2":4,"3":4,"4":4,"5":4,"6":5,"7":5,"8":5,"9":1,"10":0,"11":0,"12":4,"13":5,"14":4},"f":{"0":4,"1":4,"2":5,"3":1,"4":5},"b":{"0":[5,0],"1":[0,1]},"_coverageSchema":"1a1c01bbd47fc00a2c39e90264f33305004495a9","hash":"ffa95b3bf089c0c75d4d8ce4d830e88cdda6dd19"}
,"E:\\grip--investment\\backend\\src\\models\\index.js": {"path":"E:\\grip--investment\\backend\\src\\models\\index.js","statementMap":{"0":{"start":{"line":3,"column":11},"end":{"line":3,"column":24}},"1":{"start":{"line":4,"column":13},"end":{"line":4,"column":28}},"2":{"start":{"line":5,"column":18},"end":{"line":5,"column":38}},"3":{"start":{"line":6,"column":16},"end":{"line":6,"column":34}},"4":{"start":{"line":7,"column":17},"end":{"line":7,"column":42}},"5":{"start":{"line":8,"column":12},"end":{"line":8,"column":49}},"6":{"start":{"line":9,"column":15},"end":{"line":9,"column":65}},"7":{"start":{"line":10,"column":11},"end":{"line":10,"column":13}},"8":{"start":{"line":13,"column":0},"end":{"line":17,"column":1}},"9":{"start":{"line":14,"column":2},"end":{"line":14,"column":74}},"10":{"start":{"line":16,"column":2},"end":{"line":16,"column":87}},"11":{"start":{"line":19,"column":0},"end":{"line":32,"column":5}},"12":{"start":{"line":22,"column":4},"end":{"line":27,"column":6}},"13":{"start":{"line":30,"column":18},"end":{"line":30,"column":85}},"14":{"start":{"line":31,"column":4},"end":{"line":31,"column":27}},"15":{"start":{"line":34,"column":0},"end":{"line":38,"column":3}},"16":{"start":{"line":35,"column":2},"end":{"line":37,"column":3}},"17":{"start":{"line":36,"column":4},"end":{"line":36,"column":32}},"18":{"start":{"line":40,"column":0},"end":{"line":40,"column":25}},"19":{"start":{"line":41,"column":0},"end":{"line":41,"column":25}},"20":{"start":{"line":43,"column":0},"end":{"line":43,"column":20}}},"fnMap":{"0":{"name":"(anonymous_0)","decl":{"start":{"line":21,"column":10},"end":{"line":21,"column":11}},"loc":{"start":{"line":21,"column":18},"end":{"line":28,"column":3}},"line":21},"1":{"name":"(anonymous_1)","decl":{"start":{"line":29,"column":11},"end":{"line":29,"column":12}},"loc":{"start":{"line":29,"column":19},"end":{"line":32,"column":3}},"line":29},"2":{"name":"(anonymous_2)","decl":{"start":{"line":34,"column":24},"end":{"line":34,"column":25}},"loc":{"start":{"line":34,"column":37},"end":{"line":38,"column":1}},"line":34}},"branchMap":{"0":{"loc":{"start":{"line":8,"column":12},"end":{"line":8,"column":49}},"type":"binary-expr","locations":[{"start":{"line":8,"column":12},"end":{"line":8,"column":32}},{"start":{"line":8,"column":36},"end":{"line":8,"column":49}}],"line":8},"1":{"loc":{"start":{"line":13,"column":0},"end":{"line":17,"column":1}},"type":"if","locations":[{"start":{"line":13,"column":0},"end":{"line":17,"column":1}},{"start":{"line":15,"column":7},"end":{"line":17,"column":1}}],"line":13},"2":{"loc":{"start":{"line":23,"column":6},"end":{"line":26,"column":37}},"type":"binary-expr","locations":[{"start":{"line":23,"column":6},"end":{"line":23,"column":29}},{"start":{"line":24,"column":6},"end":{"line":24,"column":23}},{"start":{"line":25,"column":6},"end":{"line":25,"column":30}},{"start":{"line":26,"column":6},"end":{"line":26,"column":37}}],"line":23},"3":{"loc":{"start":{"line":35,"column":2},"end":{"line":37,"column":3}},"type":"if","locations":[{"start":{"line":35,"column":2},"end":{"line":37,"column":3}},{"start":{},"end":{}}],"line":35}},"s":{"0":4,"1":4,"2":4,"3":4,"4":4,"5":4,"6":4,"7":4,"8":4,"9":0,"10":4,"11":4,"12":24,"13":20,"14":20,"15":4,"16":20,"17":20,"18":4,"19":4,"20":4},"f":{"0":24,"1":20,"2":20},"b":{"0":[4,0],"1":[0,4],"2":[24,24,20,20],"3":[20,0]},"_coverageSchema":"1a1c01bbd47fc00a2c39e90264f33305004495a9","hash":"e2e8995aa060b0ea52ccbdc3f2033160727c6aff"}
,"E:\\grip--investment\\backend\\src\\services\\ai.service.js": {"path":"E:\\grip--investment\\backend\\src\\services\\ai.service.js","statementMap":{"0":{"start":{"line":1,"column":31},"end":{"line":1,"column":63}},"1":{"start":{"line":2,"column":15},"end":{"line":2,"column":32}},"2":{"start":{"line":4,"column":0},"end":{"line":4,"column":16}},"3":{"start":{"line":6,"column":14},"end":{"line":6,"column":64}},"4":{"start":{"line":8,"column":24},"end":{"line":19,"column":1}},"5":{"start":{"line":9,"column":2},"end":{"line":18,"column":3}},"6":{"start":{"line":10,"column":18},"end":{"line":10,"column":73}},"7":{"start":{"line":11,"column":19},"end":{"line":11,"column":54}},"8":{"start":{"line":12,"column":21},"end":{"line":12,"column":42}},"9":{"start":{"line":13,"column":4},"end":{"line":13,"column":27}},"10":{"start":{"line":15,"column":4},"end":{"line":15,"column":73}},"11":{"start":{"line":17,"column":4},"end":{"line":17,"column":53}},"12":{"start":{"line":21,"column":30},"end":{"line":24,"column":1}},"13":{"start":{"line":22,"column":17},"end":{"line":22,"column":271}},"14":{"start":{"line":23,"column":2},"end":{"line":23,"column":33}},"15":{"start":{"line":26,"column":35},"end":{"line":37,"column":1}},"16":{"start":{"line":27,"column":73},"end":{"line":27,"column":87}},"17":{"start":{"line":28,"column":17},"end":{"line":35,"column":63}},"18":{"start":{"line":36,"column":2},"end":{"line":36,"column":33}},"19":{"start":{"line":39,"column":34},"end":{"line":88,"column":1}},"20":{"start":{"line":40,"column":22},"end":{"line":40,"column":136}},"21":{"start":{"line":40,"column":43},"end":{"line":40,"column":124}},"22":{"start":{"line":41,"column":25},"end":{"line":43,"column":12}},"23":{"start":{"line":42,"column":33},"end":{"line":42,"column":72}},"24":{"start":{"line":45,"column":17},"end":{"line":68,"column":3}},"25":{"start":{"line":71,"column":2},"end":{"line":87,"column":3}},"26":{"start":{"line":72,"column":25},"end":{"line":72,"column":54}},"27":{"start":{"line":73,"column":4},"end":{"line":73,"column":50}},"28":{"start":{"line":76,"column":23},"end":{"line":76,"column":48}},"29":{"start":{"line":77,"column":21},"end":{"line":77,"column":50}},"30":{"start":{"line":78,"column":4},"end":{"line":80,"column":5}},"31":{"start":{"line":79,"column":6},"end":{"line":79,"column":55}},"32":{"start":{"line":81,"column":23},"end":{"line":81,"column":71}},"33":{"start":{"line":82,"column":4},"end":{"line":82,"column":34}},"34":{"start":{"line":84,"column":4},"end":{"line":84,"column":76}},"35":{"start":{"line":86,"column":4},"end":{"line":86,"column":70}},"36":{"start":{"line":90,"column":32},"end":{"line":107,"column":1}},"37":{"start":{"line":91,"column":29},"end":{"line":93,"column":14}},"38":{"start":{"line":92,"column":4},"end":{"line":92,"column":128}},"39":{"start":{"line":95,"column":17},"end":{"line":105,"column":23}},"40":{"start":{"line":106,"column":2},"end":{"line":106,"column":33}},"41":{"start":{"line":109,"column":23},"end":{"line":117,"column":1}},"42":{"start":{"line":110,"column":17},"end":{"line":115,"column":9}},"43":{"start":{"line":116,"column":2},"end":{"line":116,"column":33}},"44":{"start":{"line":119,"column":0},"end":{"line":125,"column":2}}},"fnMap":{"0":{"name":"(anonymous_0)","decl":{"start":{"line":8,"column":24},"end":{"line":8,"column":25}},"loc":{"start":{"line":8,"column":42},"end":{"line":19,"column":1}},"line":8},"1":{"name":"(anonymous_1)","decl":{"start":{"line":21,"column":30},"end":{"line":21,"column":31}},"loc":{"start":{"line":21,"column":50},"end":{"line":24,"column":1}},"line":21},"2":{"name":"(anonymous_2)","decl":{"start":{"line":26,"column":35},"end":{"line":26,"column":36}},"loc":{"start":{"line":26,"column":61},"end":{"line":37,"column":1}},"line":26},"3":{"name":"(anonymous_3)","decl":{"start":{"line":39,"column":34},"end":{"line":39,"column":35}},"loc":{"start":{"line":39,"column":92},"end":{"line":88,"column":1}},"line":39},"4":{"name":"(anonymous_4)","decl":{"start":{"line":40,"column":38},"end":{"line":40,"column":39}},"loc":{"start":{"line":40,"column":43},"end":{"line":40,"column":124}},"line":40},"5":{"name":"(anonymous_5)","decl":{"start":{"line":42,"column":26},"end":{"line":42,"column":27}},"loc":{"start":{"line":42,"column":33},"end":{"line":42,"column":72}},"line":42},"6":{"name":"(anonymous_6)","decl":{"start":{"line":90,"column":32},"end":{"line":90,"column":33}},"loc":{"start":{"line":90,"column":57},"end":{"line":107,"column":1}},"line":90},"7":{"name":"(anonymous_7)","decl":{"start":{"line":91,"column":59},"end":{"line":91,"column":60}},"loc":{"start":{"line":92,"column":4},"end":{"line":92,"column":128}},"line":92},"8":{"name":"(anonymous_8)","decl":{"start":{"line":109,"column":23},"end":{"line":109,"column":24}},"loc":{"start":{"line":109,"column":47},"end":{"line":117,"column":1}},"line":109}},"branchMap":{"0":{"loc":{"start":{"line":41,"column":25},"end":{"line":43,"column":12}},"type":"cond-expr","locations":[{"start":{"line":42,"column":6},"end":{"line":42,"column":84}},{"start":{"line":43,"column":6},"end":{"line":43,"column":12}}],"line":41},"1":{"loc":{"start":{"line":78,"column":4},"end":{"line":80,"column":5}},"type":"if","locations":[{"start":{"line":78,"column":4},"end":{"line":80,"column":5}},{"start":{},"end":{}}],"line":78},"2":{"loc":{"start":{"line":78,"column":8},"end":{"line":78,"column":44}},"type":"binary-expr","locations":[{"start":{"line":78,"column":8},"end":{"line":78,"column":25}},{"start":{"line":78,"column":29},"end":{"line":78,"column":44}}],"line":78}},"s":{"0":4,"1":4,"2":4,"3":4,"4":4,"5":5,"6":5,"7":5,"8":5,"9":5,"10":0,"11":0,"12":4,"13":1,"14":1,"15":4,"16":2,"17":2,"18":2,"19":4,"20":1,"21":1,"22":1,"23":0,"24":1,"25":1,"26":1,"27":1,"28":1,"29":1,"30":1,"31":0,"32":1,"33":1,"34":0,"35":0,"36":4,"37":1,"38":1,"39":1,"40":1,"41":4,"42":0,"43":0,"44":4},"f":{"0":5,"1":1,"2":2,"3":1,"4":1,"5":0,"6":1,"7":1,"8":0},"b":{"0":[0,1],"1":[0,1],"2":[1,1]},"_coverageSchema":"1a1c01bbd47fc00a2c39e90264f33305004495a9","hash":"c02453b37e918ec97e63f0f2b54eb717efa886f0"}
}
