TN:
SF:src\index.js
FN:23,(anonymous_0)
FN:55,(anonymous_1)
FN:59,(anonymous_2)
FN:60,(anonymous_3)
FNF:4
FNH:3
FNDA:1,(anonymous_0)
FNDA:0,(anonymous_1)
FNDA:4,(anonymous_2)
FNDA:4,(anonymous_3)
DA:2,4
DA:3,4
DA:4,4
DA:6,4
DA:9,4
DA:11,4
DA:12,4
DA:15,4
DA:16,4
DA:19,4
DA:20,4
DA:23,4
DA:24,1
DA:25,1
DA:26,1
DA:32,0
DA:42,4
DA:43,4
DA:44,4
DA:45,4
DA:46,4
DA:48,4
DA:49,4
DA:50,4
DA:51,4
DA:52,4
DA:55,4
DA:56,0
DA:59,4
DA:60,4
DA:61,4
DA:65,4
LF:32
LH:30
BRDA:12,0,0,4
BRDA:12,0,1,0
BRF:2
BRH:1
end_of_record
TN:
SF:src\api\controllers\auth.controller.js
FN:9,(anonymous_0)
FN:15,(anonymous_1)
FN:53,(anonymous_2)
FN:80,(anonymous_3)
FN:106,(anonymous_4)
FN:143,(anonymous_5)
FNF:6
FNH:4
FNDA:9,(anonymous_0)
FNDA:6,(anonymous_1)
FNDA:5,(anonymous_2)
FNDA:0,(anonymous_3)
FNDA:0,(anonymous_4)
FNDA:1,(anonymous_5)
DA:1,4
DA:2,4
DA:3,4
DA:4,4
DA:5,4
DA:7,4
DA:9,4
DA:10,9
DA:15,4
DA:16,6
DA:18,6
DA:19,0
DA:22,6
DA:23,6
DA:25,6
DA:26,1
DA:29,5
DA:38,5
DA:39,5
DA:46,0
DA:49,0
DA:53,4
DA:54,5
DA:55,5
DA:57,5
DA:58,0
DA:61,5
DA:62,5
DA:64,5
DA:65,4
DA:72,1
DA:75,0
DA:76,0
DA:80,4
DA:81,0
DA:82,0
DA:83,0
DA:84,0
DA:85,0
DA:89,0
DA:90,0
DA:92,0
DA:98,0
DA:100,0
DA:102,0
DA:106,4
DA:107,0
DA:108,0
DA:109,0
DA:110,0
DA:111,0
DA:114,0
DA:121,0
DA:122,0
DA:125,0
DA:126,0
DA:129,0
DA:130,0
DA:132,0
DA:134,0
DA:136,0
DA:141,4
DA:143,4
DA:144,1
DA:146,1
DA:147,0
DA:150,1
DA:151,1
DA:152,1
DA:154,0
DA:158,4
LF:71
LH:37
BRDA:18,0,0,0
BRDA:18,0,1,6
BRDA:18,1,0,6
BRDA:18,1,1,6
BRDA:18,1,2,6
BRDA:25,2,0,1
BRDA:25,2,1,5
BRDA:35,3,0,5
BRDA:35,3,1,3
BRDA:38,4,0,5
BRDA:38,4,1,0
BRDA:57,5,0,0
BRDA:57,5,1,5
BRDA:57,6,0,5
BRDA:57,6,1,5
BRDA:64,7,0,4
BRDA:64,7,1,1
BRDA:64,8,0,5
BRDA:64,8,1,5
BRDA:84,9,0,0
BRDA:84,9,1,0
BRDA:110,10,0,0
BRDA:110,10,1,0
BRDA:121,11,0,0
BRDA:121,11,1,0
BRDA:125,12,0,0
BRDA:125,12,1,0
BRDA:146,13,0,0
BRDA:146,13,1,1
BRF:29
BRH:17
end_of_record
TN:
SF:src\api\controllers\investment.controller.js
FN:8,(anonymous_0)
FN:68,(anonymous_1)
FN:80,(anonymous_2)
FN:81,(anonymous_3)
FN:97,(anonymous_4)
FN:109,(anonymous_5)
FN:110,(anonymous_6)
FN:116,(anonymous_7)
FNF:8
FNH:8
FNDA:2,(anonymous_0)
FNDA:1,(anonymous_1)
FNDA:1,(anonymous_2)
FNDA:1,(anonymous_3)
FNDA:1,(anonymous_4)
FNDA:1,(anonymous_5)
FNDA:1,(anonymous_6)
FNDA:1,(anonymous_7)
DA:1,4
DA:2,4
DA:3,4
DA:8,4
DA:9,2
DA:10,2
DA:11,2
DA:13,2
DA:14,2
DA:15,2
DA:17,2
DA:18,0
DA:19,0
DA:22,2
DA:24,2
DA:25,1
DA:26,1
DA:30,1
DA:31,0
DA:32,0
DA:34,1
DA:35,0
DA:36,0
DA:40,1
DA:41,1
DA:44,1
DA:45,1
DA:46,1
DA:47,1
DA:49,1
DA:57,1
DA:58,1
DA:60,0
DA:61,0
DA:68,4
DA:69,1
DA:71,1
DA:72,1
DA:80,1
DA:81,1
DA:83,1
DA:90,0
DA:97,4
DA:98,1
DA:100,1
DA:101,1
DA:109,1
DA:110,1
DA:112,1
DA:116,1
DA:126,1
DA:127,1
DA:129,0
DA:133,4
LF:54
LH:44
BRDA:17,0,0,0
BRDA:17,0,1,2
BRDA:24,1,0,1
BRDA:24,1,1,1
BRDA:30,2,0,0
BRDA:30,2,1,1
BRDA:30,3,0,1
BRDA:30,3,1,1
BRDA:34,4,0,0
BRDA:34,4,1,1
BRDA:34,5,0,1
BRDA:34,5,1,0
BRF:12
BRH:8
end_of_record
TN:
SF:src\api\controllers\log.controller.js
FN:8,(anonymous_0)
FN:32,(anonymous_1)
FNF:2
FNH:2
FNDA:2,(anonymous_0)
FNDA:9,(anonymous_1)
DA:1,4
DA:2,4
DA:3,4
DA:8,4
DA:9,2
DA:10,2
DA:12,2
DA:13,0
DA:16,2
DA:17,0
DA:20,2
DA:21,2
DA:32,2
DA:33,9
DA:34,0
DA:35,0
DA:37,9
DA:40,2
DA:42,0
DA:43,0
DA:47,4
LF:21
LH:15
BRDA:12,0,0,0
BRDA:12,0,1,2
BRDA:16,1,0,0
BRDA:16,1,1,2
BRDA:33,2,0,0
BRDA:33,2,1,9
BRF:6
BRH:3
end_of_record
TN:
SF:src\api\controllers\product.controller.js
FN:7,(anonymous_0)
FN:19,(anonymous_1)
FN:60,(anonymous_2)
FN:77,(anonymous_3)
FN:126,(anonymous_4)
FN:144,(anonymous_5)
FNF:6
FNH:6
FNDA:2,(anonymous_0)
FNDA:1,(anonymous_1)
FNDA:1,(anonymous_2)
FNDA:1,(anonymous_3)
FNDA:1,(anonymous_4)
FNDA:1,(anonymous_5)
DA:1,4
DA:2,4
DA:7,4
DA:8,2
DA:9,2
DA:10,2
DA:12,0
DA:19,4
DA:29,1
DA:31,1
DA:32,1
DA:33,1
DA:42,1
DA:53,1
DA:54,1
DA:56,0
DA:60,4
DA:61,1
DA:62,1
DA:64,1
DA:65,1
DA:67,0
DA:70,0
DA:77,4
DA:87,1
DA:89,1
DA:90,1
DA:92,1
DA:94,1
DA:95,1
DA:104,1
DA:105,1
DA:106,1
DA:107,1
DA:108,1
DA:109,1
DA:110,1
DA:111,1
DA:113,1
DA:114,1
DA:116,0
DA:119,0
DA:126,4
DA:127,1
DA:128,1
DA:130,1
DA:131,1
DA:132,1
DA:134,0
DA:137,0
DA:144,4
DA:145,1
DA:146,1
DA:147,1
DA:148,0
DA:151,1
DA:156,1
DA:157,1
DA:159,1
DA:160,1
DA:162,0
DA:163,0
DA:167,4
LF:63
LH:52
BRDA:32,0,0,1
BRDA:32,0,1,0
BRDA:64,1,0,1
BRDA:64,1,1,0
BRDA:92,2,0,1
BRDA:92,2,1,0
BRDA:94,3,0,1
BRDA:94,3,1,0
BRDA:94,4,0,1
BRDA:94,4,1,1
BRDA:94,4,2,0
BRDA:94,4,3,0
BRDA:94,4,4,0
BRDA:94,4,5,0
BRDA:96,5,0,1
BRDA:96,5,1,0
BRDA:97,6,0,1
BRDA:97,6,1,1
BRDA:98,7,0,1
BRDA:98,7,1,1
BRDA:99,8,0,1
BRDA:99,8,1,1
BRDA:100,9,0,1
BRDA:100,9,1,1
BRDA:104,10,0,1
BRDA:104,10,1,0
BRDA:105,11,0,1
BRDA:105,11,1,1
BRDA:106,12,0,1
BRDA:106,12,1,1
BRDA:107,13,0,1
BRDA:107,13,1,1
BRDA:108,14,0,1
BRDA:108,14,1,1
BRDA:109,15,0,1
BRDA:109,15,1,1
BRDA:110,16,0,1
BRDA:110,16,1,1
BRDA:111,17,0,1
BRDA:111,17,1,0
BRDA:130,18,0,1
BRDA:130,18,1,0
BRDA:147,19,0,0
BRDA:147,19,1,1
BRF:44
BRH:31
end_of_record
TN:
SF:src\api\controllers\user.controller.js
FN:6,(anonymous_0)
FN:30,(anonymous_1)
FNF:2
FNH:0
FNDA:0,(anonymous_0)
FNDA:0,(anonymous_1)
DA:1,4
DA:6,4
DA:8,0
DA:12,0
DA:13,0
DA:23,0
DA:30,4
DA:31,0
DA:33,0
DA:34,0
DA:35,0
DA:36,0
DA:40,0
DA:42,0
DA:50,0
DA:54,4
LF:16
LH:4
BRDA:12,0,0,0
BRDA:12,0,1,0
BRDA:33,1,0,0
BRDA:33,1,1,0
BRDA:34,2,0,0
BRDA:34,2,1,0
BRDA:35,3,0,0
BRDA:35,3,1,0
BRDA:36,4,0,0
BRDA:36,4,1,0
BRF:10
BRH:0
end_of_record
TN:
SF:src\api\middlewares\admin.middleware.js
FN:1,(anonymous_0)
FNF:1
FNH:1
FNDA:6,(anonymous_0)
DA:1,4
DA:2,6
DA:3,5
DA:5,1
DA:9,4
LF:5
LH:5
BRDA:2,0,0,5
BRDA:2,0,1,1
BRDA:2,1,0,6
BRDA:2,1,1,6
BRF:4
BRH:4
end_of_record
TN:
SF:src\api\middlewares\auth.middleware.js
FN:7,(anonymous_0)
FNF:1
FNH:1
FNDA:11,(anonymous_0)
DA:1,4
DA:2,4
DA:3,4
DA:5,4
DA:7,4
DA:10,11
DA:11,11
DA:13,11
DA:16,11
DA:19,11
DA:23,11
DA:24,0
DA:27,11
DA:29,0
DA:30,0
DA:34,11
DA:35,0
DA:39,4
LF:18
LH:14
BRDA:10,0,0,11
BRDA:10,0,1,0
BRDA:10,1,0,11
BRDA:10,1,1,11
BRDA:23,2,0,0
BRDA:23,2,1,11
BRDA:34,3,0,0
BRDA:34,3,1,11
BRF:8
BRH:5
end_of_record
TN:
SF:src\api\middlewares\transactionLog.middleware.js
FN:3,(anonymous_0)
FN:7,(anonymous_1)
FN:12,(anonymous_2)
FNF:3
FNH:3
FNDA:27,(anonymous_0)
FNDA:27,(anonymous_1)
FNDA:27,(anonymous_2)
DA:1,4
DA:3,4
DA:4,27
DA:5,27
DA:7,27
DA:8,27
DA:9,27
DA:12,27
DA:13,27
DA:14,27
DA:23,0
DA:27,27
DA:30,4
LF:13
LH:12
BRDA:15,0,0,11
BRDA:15,0,1,16
BRDA:16,1,0,11
BRDA:16,1,1,16
BRDA:20,2,0,4
BRDA:20,2,1,23
BRF:6
BRH:6
end_of_record
TN:
SF:src\api\routes\auth.routes.js
FNF:0
FNH:0
DA:1,4
DA:2,4
DA:3,4
DA:8,4
DA:13,4
DA:18,4
DA:23,4
DA:28,4
DA:30,4
LF:9
LH:9
BRF:0
BRH:0
end_of_record
TN:
SF:src\api\routes\investment.routes.js
FNF:0
FNH:0
DA:1,4
DA:2,4
DA:7,4
DA:8,4
DA:11,4
DA:13,4
DA:14,4
DA:16,4
LF:8
LH:8
BRF:0
BRH:0
end_of_record
TN:
SF:src\api\routes\log.routes.js
FNF:0
FNH:0
DA:1,4
DA:2,4
DA:3,4
DA:4,4
DA:5,4
DA:8,4
DA:10,4
DA:12,4
LF:8
LH:8
BRF:0
BRH:0
end_of_record
TN:
SF:src\api\routes\product.routes.js
FNF:0
FNH:0
DA:1,4
DA:2,4
DA:10,4
DA:11,4
DA:12,4
DA:15,4
DA:18,4
DA:21,4
DA:24,4
DA:25,4
DA:26,4
DA:28,4
LF:12
LH:12
BRF:0
BRH:0
end_of_record
TN:
SF:src\api\routes\user.routes.js
FNF:0
FNH:0
DA:1,4
DA:2,4
DA:3,4
DA:4,4
DA:7,4
DA:9,4
DA:11,4
LF:7
LH:7
BRF:0
BRH:0
end_of_record
TN:
SF:src\config\database.js
FNF:0
FNH:0
DA:1,4
DA:2,4
DA:4,4
LF:3
LH:3
BRF:0
BRH:0
end_of_record
TN:
SF:src\config\mailer.js
FN:16,(anonymous_0)
FNF:1
FNH:0
FNDA:0,(anonymous_0)
DA:1,4
DA:2,4
DA:4,4
DA:6,4
DA:16,4
DA:17,0
DA:25,0
DA:26,0
DA:27,0
DA:28,0
DA:30,0
DA:31,0
DA:35,4
LF:13
LH:6
BRF:0
BRH:0
end_of_record
TN:
SF:src\models\Investment.js
FN:4,(anonymous_0)
FN:6,(anonymous_1)
FNF:2
FNH:2
FNDA:4,(anonymous_0)
FNDA:4,(anonymous_1)
DA:2,4
DA:4,4
DA:7,4
DA:8,4
DA:11,4
DA:56,4
LF:6
LH:6
BRF:0
BRH:0
end_of_record
TN:
SF:src\models\InvestmentProduct.js
FN:4,(anonymous_0)
FN:6,(anonymous_1)
FNF:2
FNH:2
FNDA:4,(anonymous_0)
FNDA:4,(anonymous_1)
DA:2,4
DA:4,4
DA:7,4
DA:10,4
DA:61,4
LF:5
LH:5
BRF:0
BRH:0
end_of_record
TN:
SF:src\models\Otp.js
FN:4,(anonymous_0)
FN:6,(anonymous_1)
FNF:2
FNH:2
FNDA:4,(anonymous_0)
FNDA:4,(anonymous_1)
DA:2,4
DA:4,4
DA:7,4
DA:10,4
DA:38,4
LF:5
LH:5
BRF:0
BRH:0
end_of_record
TN:
SF:src\models\TransactionLog.js
FN:4,(anonymous_0)
FN:6,(anonymous_1)
FNF:2
FNH:2
FNDA:4,(anonymous_0)
FNDA:4,(anonymous_1)
DA:2,4
DA:4,4
DA:7,4
DA:10,4
DA:50,4
LF:5
LH:5
BRF:0
BRH:0
end_of_record
TN:
SF:src\models\User.js
FN:5,(anonymous_0)
FN:7,(anonymous_1)
FN:63,(anonymous_2)
FN:69,(anonymous_3)
FN:79,(anonymous_4)
FNF:5
FNH:5
FNDA:4,(anonymous_0)
FNDA:4,(anonymous_1)
FNDA:5,(anonymous_2)
FNDA:1,(anonymous_3)
FNDA:5,(anonymous_4)
DA:2,4
DA:3,4
DA:5,4
DA:8,4
DA:9,4
DA:12,4
DA:64,5
DA:65,5
DA:66,5
DA:70,1
DA:71,0
DA:72,0
DA:79,4
DA:80,5
DA:83,4
LF:15
LH:13
BRDA:64,0,0,5
BRDA:64,0,1,0
BRDA:70,1,0,0
BRDA:70,1,1,1
BRF:4
BRH:2
end_of_record
TN:
SF:src\models\index.js
FN:21,(anonymous_0)
FN:29,(anonymous_1)
FN:34,(anonymous_2)
FNF:3
FNH:3
FNDA:24,(anonymous_0)
FNDA:20,(anonymous_1)
FNDA:20,(anonymous_2)
DA:3,4
DA:4,4
DA:5,4
DA:6,4
DA:7,4
DA:8,4
DA:9,4
DA:10,4
DA:13,4
DA:14,0
DA:16,4
DA:19,4
DA:22,24
DA:30,20
DA:31,20
DA:34,4
DA:35,20
DA:36,20
DA:40,4
DA:41,4
DA:43,4
LF:21
LH:20
BRDA:8,0,0,4
BRDA:8,0,1,0
BRDA:13,1,0,0
BRDA:13,1,1,4
BRDA:23,2,0,24
BRDA:23,2,1,24
BRDA:23,2,2,20
BRDA:23,2,3,20
BRDA:35,3,0,20
BRDA:35,3,1,0
BRF:10
BRH:7
end_of_record
TN:
SF:src\services\ai.service.js
FN:8,(anonymous_0)
FN:21,(anonymous_1)
FN:26,(anonymous_2)
FN:39,(anonymous_3)
FN:40,(anonymous_4)
FN:42,(anonymous_5)
FN:90,(anonymous_6)
FN:91,(anonymous_7)
FN:109,(anonymous_8)
FNF:9
FNH:7
FNDA:5,(anonymous_0)
FNDA:1,(anonymous_1)
FNDA:2,(anonymous_2)
FNDA:1,(anonymous_3)
FNDA:1,(anonymous_4)
FNDA:0,(anonymous_5)
FNDA:1,(anonymous_6)
FNDA:1,(anonymous_7)
FNDA:0,(anonymous_8)
DA:1,4
DA:2,4
DA:4,4
DA:6,4
DA:8,4
DA:9,5
DA:10,5
DA:11,5
DA:12,5
DA:13,5
DA:15,0
DA:17,0
DA:21,4
DA:22,1
DA:23,1
DA:26,4
DA:27,2
DA:28,2
DA:36,2
DA:39,4
DA:40,1
DA:41,1
DA:42,0
DA:45,1
DA:71,1
DA:72,1
DA:73,1
DA:76,1
DA:77,1
DA:78,1
DA:79,0
DA:81,1
DA:82,1
DA:84,0
DA:86,0
DA:90,4
DA:91,1
DA:92,1
DA:95,1
DA:106,1
DA:109,4
DA:110,0
DA:116,0
DA:119,4
LF:44
LH:36
BRDA:41,0,0,0
BRDA:41,0,1,1
BRDA:78,1,0,0
BRDA:78,1,1,1
BRDA:78,2,0,1
BRDA:78,2,1,1
BRF:6
BRH:4
end_of_record
